{"/home/pip/dev/projects/myself/github/ozon-tracker/src/app.ts": {"path":"/home/pip/dev/projects/myself/github/ozon-tracker/src/app.ts","all":true,"statementMap":{"3":{"start":{"line":4,"column":0},"end":{"line":4,"column":46}},"4":{"start":{"line":5,"column":0},"end":{"line":5,"column":54}},"5":{"start":{"line":6,"column":0},"end":{"line":6,"column":39}},"6":{"start":{"line":7,"column":0},"end":{"line":7,"column":59}},"7":{"start":{"line":8,"column":0},"end":{"line":8,"column":56}},"8":{"start":{"line":9,"column":0},"end":{"line":9,"column":50}},"9":{"start":{"line":10,"column":0},"end":{"line":10,"column":67}},"10":{"start":{"line":11,"column":0},"end":{"line":11,"column":61}},"11":{"start":{"line":12,"column":0},"end":{"line":12,"column":45}},"12":{"start":{"line":13,"column":0},"end":{"line":13,"column":46}},"14":{"start":{"line":15,"column":0},"end":{"line":15,"column":34}},"19":{"start":{"line":20,"column":0},"end":{"line":20,"column":18}},"20":{"start":{"line":21,"column":0},"end":{"line":21,"column":45}},"21":{"start":{"line":22,"column":0},"end":{"line":22,"column":35}},"22":{"start":{"line":23,"column":0},"end":{"line":23,"column":41}},"23":{"start":{"line":24,"column":0},"end":{"line":24,"column":39}},"24":{"start":{"line":25,"column":0},"end":{"line":25,"column":38}},"25":{"start":{"line":26,"column":0},"end":{"line":26,"column":43}},"26":{"start":{"line":27,"column":0},"end":{"line":27,"column":35}},"28":{"start":{"line":29,"column":0},"end":{"line":29,"column":29}},"33":{"start":{"line":34,"column":0},"end":{"line":34,"column":31}},"34":{"start":{"line":35,"column":0},"end":{"line":35,"column":27}},"35":{"start":{"line":36,"column":0},"end":{"line":36,"column":12}},"36":{"start":{"line":37,"column":0},"end":{"line":37,"column":5}},"38":{"start":{"line":39,"column":0},"end":{"line":39,"column":52}},"41":{"start":{"line":42,"column":0},"end":{"line":42,"column":46}},"42":{"start":{"line":43,"column":0},"end":{"line":43,"column":40}},"43":{"start":{"line":44,"column":0},"end":{"line":44,"column":69}},"44":{"start":{"line":45,"column":0},"end":{"line":45,"column":44}},"46":{"start":{"line":47,"column":0},"end":{"line":47,"column":46}},"49":{"start":{"line":50,"column":0},"end":{"line":50,"column":81}},"50":{"start":{"line":51,"column":0},"end":{"line":51,"column":21}},"51":{"start":{"line":52,"column":0},"end":{"line":52,"column":68}},"52":{"start":{"line":53,"column":0},"end":{"line":53,"column":73}},"53":{"start":{"line":54,"column":0},"end":{"line":54,"column":53}},"54":{"start":{"line":55,"column":0},"end":{"line":55,"column":5}},"57":{"start":{"line":58,"column":0},"end":{"line":58,"column":57}},"58":{"start":{"line":59,"column":0},"end":{"line":59,"column":51}},"61":{"start":{"line":62,"column":0},"end":{"line":62,"column":62}},"62":{"start":{"line":63,"column":0},"end":{"line":63,"column":42}},"63":{"start":{"line":64,"column":0},"end":{"line":64,"column":46}},"64":{"start":{"line":65,"column":0},"end":{"line":65,"column":49}},"65":{"start":{"line":66,"column":0},"end":{"line":66,"column":8}},"67":{"start":{"line":68,"column":0},"end":{"line":68,"column":52}},"68":{"start":{"line":69,"column":0},"end":{"line":69,"column":64}},"69":{"start":{"line":70,"column":0},"end":{"line":70,"column":61}},"70":{"start":{"line":71,"column":0},"end":{"line":71,"column":8}},"72":{"start":{"line":73,"column":0},"end":{"line":73,"column":46}},"73":{"start":{"line":74,"column":0},"end":{"line":74,"column":75}},"74":{"start":{"line":75,"column":0},"end":{"line":75,"column":81}},"76":{"start":{"line":77,"column":0},"end":{"line":77,"column":53}},"77":{"start":{"line":78,"column":0},"end":{"line":78,"column":8}},"79":{"start":{"line":80,"column":0},"end":{"line":80,"column":38}},"80":{"start":{"line":81,"column":0},"end":{"line":81,"column":53}},"81":{"start":{"line":82,"column":0},"end":{"line":82,"column":65}},"82":{"start":{"line":83,"column":0},"end":{"line":83,"column":9}},"84":{"start":{"line":85,"column":0},"end":{"line":85,"column":54}},"85":{"start":{"line":86,"column":0},"end":{"line":86,"column":8}},"87":{"start":{"line":88,"column":0},"end":{"line":88,"column":42}},"88":{"start":{"line":89,"column":0},"end":{"line":89,"column":47}},"89":{"start":{"line":90,"column":0},"end":{"line":90,"column":8}},"91":{"start":{"line":92,"column":0},"end":{"line":92,"column":63}},"92":{"start":{"line":93,"column":0},"end":{"line":93,"column":78}},"93":{"start":{"line":94,"column":0},"end":{"line":94,"column":58}},"94":{"start":{"line":95,"column":0},"end":{"line":95,"column":8}},"96":{"start":{"line":97,"column":0},"end":{"line":97,"column":63}},"97":{"start":{"line":98,"column":0},"end":{"line":98,"column":62}},"98":{"start":{"line":99,"column":0},"end":{"line":99,"column":37}},"99":{"start":{"line":100,"column":0},"end":{"line":100,"column":68}},"100":{"start":{"line":101,"column":0},"end":{"line":101,"column":62}},"101":{"start":{"line":102,"column":0},"end":{"line":102,"column":38}},"103":{"start":{"line":104,"column":0},"end":{"line":104,"column":21}},"104":{"start":{"line":105,"column":0},"end":{"line":105,"column":8}},"106":{"start":{"line":107,"column":0},"end":{"line":107,"column":78}},"107":{"start":{"line":108,"column":0},"end":{"line":108,"column":89}},"108":{"start":{"line":109,"column":0},"end":{"line":109,"column":74}},"109":{"start":{"line":110,"column":0},"end":{"line":110,"column":8}},"110":{"start":{"line":111,"column":0},"end":{"line":111,"column":5}},"113":{"start":{"line":114,"column":0},"end":{"line":114,"column":48}},"114":{"start":{"line":115,"column":0},"end":{"line":115,"column":41}},"115":{"start":{"line":116,"column":0},"end":{"line":116,"column":48}},"116":{"start":{"line":117,"column":0},"end":{"line":117,"column":6}},"118":{"start":{"line":119,"column":0},"end":{"line":119,"column":37}},"119":{"start":{"line":120,"column":0},"end":{"line":120,"column":47}},"122":{"start":{"line":123,"column":0},"end":{"line":123,"column":42}},"123":{"start":{"line":124,"column":0},"end":{"line":124,"column":43}},"124":{"start":{"line":125,"column":0},"end":{"line":125,"column":7}},"125":{"start":{"line":126,"column":0},"end":{"line":126,"column":60}},"126":{"start":{"line":127,"column":0},"end":{"line":127,"column":33}},"127":{"start":{"line":128,"column":0},"end":{"line":128,"column":8}},"128":{"start":{"line":129,"column":0},"end":{"line":129,"column":5}},"130":{"start":{"line":131,"column":0},"end":{"line":131,"column":27}},"131":{"start":{"line":132,"column":0},"end":{"line":132,"column":51}},"132":{"start":{"line":133,"column":0},"end":{"line":133,"column":3}},"137":{"start":{"line":138,"column":0},"end":{"line":138,"column":17}},"138":{"start":{"line":139,"column":0},"end":{"line":139,"column":28}},"139":{"start":{"line":140,"column":0},"end":{"line":140,"column":52}},"140":{"start":{"line":141,"column":0},"end":{"line":141,"column":5}},"142":{"start":{"line":143,"column":0},"end":{"line":143,"column":39}},"143":{"start":{"line":144,"column":0},"end":{"line":144,"column":26}},"144":{"start":{"line":145,"column":0},"end":{"line":145,"column":38}},"145":{"start":{"line":146,"column":0},"end":{"line":146,"column":3}},"150":{"start":{"line":151,"column":0},"end":{"line":151,"column":55}},"151":{"start":{"line":152,"column":0},"end":{"line":152,"column":9}},"152":{"start":{"line":153,"column":0},"end":{"line":153,"column":56}},"153":{"start":{"line":154,"column":0},"end":{"line":154,"column":49}},"155":{"start":{"line":156,"column":0},"end":{"line":156,"column":35}},"156":{"start":{"line":157,"column":0},"end":{"line":157,"column":27}},"157":{"start":{"line":158,"column":0},"end":{"line":158,"column":27}},"159":{"start":{"line":160,"column":0},"end":{"line":160,"column":33}},"160":{"start":{"line":161,"column":0},"end":{"line":161,"column":57}},"162":{"start":{"line":163,"column":0},"end":{"line":163,"column":43}},"163":{"start":{"line":164,"column":0},"end":{"line":164,"column":105}},"164":{"start":{"line":165,"column":0},"end":{"line":165,"column":18}},"165":{"start":{"line":166,"column":0},"end":{"line":166,"column":9}},"167":{"start":{"line":168,"column":0},"end":{"line":168,"column":13}},"168":{"start":{"line":169,"column":0},"end":{"line":169,"column":96}},"169":{"start":{"line":170,"column":0},"end":{"line":170,"column":66}},"170":{"start":{"line":171,"column":0},"end":{"line":171,"column":77}},"172":{"start":{"line":173,"column":0},"end":{"line":173,"column":42}},"175":{"start":{"line":176,"column":0},"end":{"line":176,"column":52}},"176":{"start":{"line":177,"column":0},"end":{"line":177,"column":19}},"177":{"start":{"line":178,"column":0},"end":{"line":178,"column":39}},"178":{"start":{"line":179,"column":0},"end":{"line":179,"column":31}},"179":{"start":{"line":180,"column":0},"end":{"line":180,"column":15}},"180":{"start":{"line":181,"column":0},"end":{"line":181,"column":11}},"183":{"start":{"line":184,"column":0},"end":{"line":184,"column":77}},"184":{"start":{"line":185,"column":0},"end":{"line":185,"column":48}},"185":{"start":{"line":186,"column":0},"end":{"line":186,"column":62}},"187":{"start":{"line":188,"column":0},"end":{"line":188,"column":72}},"189":{"start":{"line":190,"column":0},"end":{"line":190,"column":97}},"191":{"start":{"line":192,"column":0},"end":{"line":192,"column":38}},"192":{"start":{"line":193,"column":0},"end":{"line":193,"column":42}},"193":{"start":{"line":194,"column":0},"end":{"line":194,"column":44}},"194":{"start":{"line":195,"column":0},"end":{"line":195,"column":12}},"195":{"start":{"line":196,"column":0},"end":{"line":196,"column":11}},"197":{"start":{"line":198,"column":0},"end":{"line":198,"column":87}},"200":{"start":{"line":201,"column":0},"end":{"line":201,"column":50}},"201":{"start":{"line":202,"column":0},"end":{"line":202,"column":56}},"202":{"start":{"line":203,"column":0},"end":{"line":203,"column":50}},"203":{"start":{"line":204,"column":0},"end":{"line":204,"column":13}},"204":{"start":{"line":205,"column":0},"end":{"line":205,"column":71}},"205":{"start":{"line":206,"column":0},"end":{"line":206,"column":59}},"206":{"start":{"line":207,"column":0},"end":{"line":207,"column":13}},"207":{"start":{"line":208,"column":0},"end":{"line":208,"column":11}},"210":{"start":{"line":211,"column":0},"end":{"line":211,"column":43}},"211":{"start":{"line":212,"column":0},"end":{"line":212,"column":77}},"212":{"start":{"line":213,"column":0},"end":{"line":213,"column":11}},"213":{"start":{"line":214,"column":0},"end":{"line":214,"column":9}},"214":{"start":{"line":215,"column":0},"end":{"line":215,"column":23}},"215":{"start":{"line":216,"column":0},"end":{"line":216,"column":26}},"216":{"start":{"line":217,"column":0},"end":{"line":217,"column":80}},"217":{"start":{"line":218,"column":0},"end":{"line":218,"column":9}},"218":{"start":{"line":219,"column":0},"end":{"line":219,"column":7}},"220":{"start":{"line":221,"column":0},"end":{"line":221,"column":63}},"221":{"start":{"line":222,"column":0},"end":{"line":222,"column":5}},"222":{"start":{"line":223,"column":0},"end":{"line":223,"column":19}},"223":{"start":{"line":224,"column":0},"end":{"line":224,"column":46}},"224":{"start":{"line":225,"column":0},"end":{"line":225,"column":57}},"225":{"start":{"line":226,"column":0},"end":{"line":226,"column":5}},"226":{"start":{"line":227,"column":0},"end":{"line":227,"column":13}},"227":{"start":{"line":228,"column":0},"end":{"line":228,"column":36}},"228":{"start":{"line":229,"column":0},"end":{"line":229,"column":5}},"229":{"start":{"line":230,"column":0},"end":{"line":230,"column":3}},"234":{"start":{"line":235,"column":0},"end":{"line":235,"column":67}},"235":{"start":{"line":236,"column":0},"end":{"line":236,"column":18}},"236":{"start":{"line":237,"column":0},"end":{"line":237,"column":67}},"237":{"start":{"line":238,"column":0},"end":{"line":238,"column":5}},"239":{"start":{"line":240,"column":0},"end":{"line":240,"column":67}},"240":{"start":{"line":241,"column":0},"end":{"line":241,"column":3}},"245":{"start":{"line":246,"column":0},"end":{"line":246,"column":91}},"246":{"start":{"line":247,"column":0},"end":{"line":247,"column":49}},"248":{"start":{"line":249,"column":0},"end":{"line":249,"column":37}},"249":{"start":{"line":250,"column":0},"end":{"line":250,"column":52}},"251":{"start":{"line":252,"column":0},"end":{"line":252,"column":11}},"252":{"start":{"line":253,"column":0},"end":{"line":253,"column":83}},"253":{"start":{"line":254,"column":0},"end":{"line":254,"column":38}},"254":{"start":{"line":255,"column":0},"end":{"line":255,"column":7}},"255":{"start":{"line":256,"column":0},"end":{"line":256,"column":13}},"256":{"start":{"line":257,"column":0},"end":{"line":257,"column":83}},"257":{"start":{"line":258,"column":0},"end":{"line":258,"column":7}},"258":{"start":{"line":259,"column":0},"end":{"line":259,"column":5}},"260":{"start":{"line":261,"column":0},"end":{"line":261,"column":25}},"261":{"start":{"line":262,"column":0},"end":{"line":262,"column":3}},"266":{"start":{"line":267,"column":0},"end":{"line":267,"column":31}},"267":{"start":{"line":268,"column":0},"end":{"line":268,"column":39}},"269":{"start":{"line":270,"column":0},"end":{"line":270,"column":25}},"270":{"start":{"line":271,"column":0},"end":{"line":271,"column":27}},"271":{"start":{"line":272,"column":0},"end":{"line":272,"column":5}},"273":{"start":{"line":274,"column":0},"end":{"line":274,"column":31}},"274":{"start":{"line":275,"column":0},"end":{"line":275,"column":39}},"275":{"start":{"line":276,"column":0},"end":{"line":276,"column":5}},"277":{"start":{"line":278,"column":0},"end":{"line":278,"column":30}},"278":{"start":{"line":279,"column":0},"end":{"line":279,"column":39}},"279":{"start":{"line":280,"column":0},"end":{"line":280,"column":5}},"281":{"start":{"line":282,"column":0},"end":{"line":282,"column":27}},"282":{"start":{"line":283,"column":0},"end":{"line":283,"column":36}},"283":{"start":{"line":284,"column":0},"end":{"line":284,"column":5}},"285":{"start":{"line":286,"column":0},"end":{"line":286,"column":27}},"286":{"start":{"line":287,"column":0},"end":{"line":287,"column":36}},"287":{"start":{"line":288,"column":0},"end":{"line":288,"column":5}},"289":{"start":{"line":290,"column":0},"end":{"line":290,"column":28}},"290":{"start":{"line":291,"column":0},"end":{"line":291,"column":38}},"291":{"start":{"line":292,"column":0},"end":{"line":292,"column":3}},"292":{"start":{"line":293,"column":0},"end":{"line":293,"column":1}}},"s":{"3":0,"4":0,"5":0,"6":0,"7":0,"8":0,"9":0,"10":0,"11":0,"12":0,"14":0,"19":0,"20":0,"21":0,"22":0,"23":0,"24":0,"25":0,"26":0,"28":0,"33":0,"34":0,"35":0,"36":0,"38":0,"41":0,"42":0,"43":0,"44":0,"46":0,"49":0,"50":0,"51":0,"52":0,"53":0,"54":0,"57":0,"58":0,"61":0,"62":0,"63":0,"64":0,"65":0,"67":0,"68":0,"69":0,"70":0,"72":0,"73":0,"74":0,"76":0,"77":0,"79":0,"80":0,"81":0,"82":0,"84":0,"85":0,"87":0,"88":0,"89":0,"91":0,"92":0,"93":0,"94":0,"96":0,"97":0,"98":0,"99":0,"100":0,"101":0,"103":0,"104":0,"106":0,"107":0,"108":0,"109":0,"110":0,"113":0,"114":0,"115":0,"116":0,"118":0,"119":0,"122":0,"123":0,"124":0,"125":0,"126":0,"127":0,"128":0,"130":0,"131":0,"132":0,"137":0,"138":0,"139":0,"140":0,"142":0,"143":0,"144":0,"145":0,"150":0,"151":0,"152":0,"153":0,"155":0,"156":0,"157":0,"159":0,"160":0,"162":0,"163":0,"164":0,"165":0,"167":0,"168":0,"169":0,"170":0,"172":0,"175":0,"176":0,"177":0,"178":0,"179":0,"180":0,"183":0,"184":0,"185":0,"187":0,"189":0,"191":0,"192":0,"193":0,"194":0,"195":0,"197":0,"200":0,"201":0,"202":0,"203":0,"204":0,"205":0,"206":0,"207":0,"210":0,"211":0,"212":0,"213":0,"214":0,"215":0,"216":0,"217":0,"218":0,"220":0,"221":0,"222":0,"223":0,"224":0,"225":0,"226":0,"227":0,"228":0,"229":0,"234":0,"235":0,"236":0,"237":0,"239":0,"240":0,"245":0,"246":0,"248":0,"249":0,"251":0,"252":0,"253":0,"254":0,"255":0,"256":0,"257":0,"258":0,"260":0,"261":0,"266":0,"267":0,"269":0,"270":0,"271":0,"273":0,"274":0,"275":0,"277":0,"278":0,"279":0,"281":0,"282":0,"283":0,"285":0,"286":0,"287":0,"289":0,"290":0,"291":0,"292":0},"branchMap":{"0":{"type":"branch","line":1,"loc":{"start":{"line":1,"column":9010},"end":{"line":293,"column":1}},"locations":[{"start":{"line":1,"column":9010},"end":{"line":293,"column":1}}]}},"b":{"0":[1]},"fnMap":{"0":{"name":"(empty-report)","decl":{"start":{"line":1,"column":9010},"end":{"line":293,"column":1}},"loc":{"start":{"line":1,"column":9010},"end":{"line":293,"column":1}},"line":1}},"f":{"0":1}}
,"/home/pip/dev/projects/myself/github/ozon-tracker/src/index.ts": {"path":"/home/pip/dev/projects/myself/github/ozon-tracker/src/index.ts","all":true,"statementMap":{"0":{"start":{"line":1,"column":0},"end":{"line":1,"column":34}},"2":{"start":{"line":3,"column":0},"end":{"line":3,"column":27}},"3":{"start":{"line":4,"column":0},"end":{"line":4,"column":45}},"5":{"start":{"line":6,"column":0},"end":{"line":6,"column":35}},"10":{"start":{"line":11,"column":0},"end":{"line":11,"column":23}},"11":{"start":{"line":12,"column":0},"end":{"line":12,"column":28}},"13":{"start":{"line":14,"column":0},"end":{"line":14,"column":7}},"14":{"start":{"line":15,"column":0},"end":{"line":15,"column":46}},"17":{"start":{"line":18,"column":0},"end":{"line":18,"column":19}},"18":{"start":{"line":19,"column":0},"end":{"line":19,"column":20}},"21":{"start":{"line":22,"column":0},"end":{"line":22,"column":15}},"24":{"start":{"line":25,"column":0},"end":{"line":25,"column":33}},"25":{"start":{"line":26,"column":0},"end":{"line":26,"column":46}},"26":{"start":{"line":27,"column":0},"end":{"line":27,"column":16}},"27":{"start":{"line":28,"column":0},"end":{"line":28,"column":24}},"28":{"start":{"line":29,"column":0},"end":{"line":29,"column":7}},"29":{"start":{"line":30,"column":0},"end":{"line":30,"column":21}},"30":{"start":{"line":31,"column":0},"end":{"line":31,"column":5}},"33":{"start":{"line":34,"column":0},"end":{"line":34,"column":33}},"34":{"start":{"line":35,"column":0},"end":{"line":35,"column":34}},"36":{"start":{"line":37,"column":0},"end":{"line":37,"column":55}},"37":{"start":{"line":38,"column":0},"end":{"line":38,"column":3}},"38":{"start":{"line":39,"column":0},"end":{"line":39,"column":17}},"39":{"start":{"line":40,"column":0},"end":{"line":40,"column":54}},"42":{"start":{"line":43,"column":0},"end":{"line":43,"column":14}},"43":{"start":{"line":44,"column":0},"end":{"line":44,"column":11}},"44":{"start":{"line":45,"column":0},"end":{"line":45,"column":24}},"45":{"start":{"line":46,"column":0},"end":{"line":46,"column":7}},"46":{"start":{"line":47,"column":0},"end":{"line":47,"column":28}},"47":{"start":{"line":48,"column":0},"end":{"line":48,"column":59}},"48":{"start":{"line":49,"column":0},"end":{"line":49,"column":7}},"49":{"start":{"line":50,"column":0},"end":{"line":50,"column":5}},"51":{"start":{"line":52,"column":0},"end":{"line":52,"column":19}},"52":{"start":{"line":53,"column":0},"end":{"line":53,"column":3}},"53":{"start":{"line":54,"column":0},"end":{"line":54,"column":1}},"56":{"start":{"line":57,"column":0},"end":{"line":57,"column":6}}},"s":{"0":0,"2":0,"3":0,"5":0,"10":0,"11":0,"13":0,"14":0,"17":0,"18":0,"21":0,"24":0,"25":0,"26":0,"27":0,"28":0,"29":0,"30":0,"33":0,"34":0,"36":0,"37":0,"38":0,"39":0,"42":0,"43":0,"44":0,"45":0,"46":0,"47":0,"48":0,"49":0,"51":0,"52":0,"53":0,"56":0},"branchMap":{"0":{"type":"branch","line":1,"loc":{"start":{"line":1,"column":0},"end":{"line":57,"column":-81}},"locations":[{"start":{"line":1,"column":0},"end":{"line":57,"column":-81}}]}},"b":{"0":[0]},"fnMap":{"0":{"name":"(empty-report)","decl":{"start":{"line":1,"column":0},"end":{"line":57,"column":-81}},"loc":{"start":{"line":1,"column":0},"end":{"line":57,"column":-81}},"line":1}},"f":{"0":0}}
,"/home/pip/dev/projects/myself/github/ozon-tracker/src/api/ozon/browser.ts": {"path":"/home/pip/dev/projects/myself/github/ozon-tracker/src/api/ozon/browser.ts","all":true,"statementMap":{"2":{"start":{"line":3,"column":0},"end":{"line":3,"column":24}},"3":{"start":{"line":4,"column":0},"end":{"line":4,"column":37}},"6":{"start":{"line":7,"column":0},"end":{"line":7,"column":43}},"7":{"start":{"line":8,"column":0},"end":{"line":8,"column":8}},"16":{"start":{"line":17,"column":0},"end":{"line":17,"column":49}},"17":{"start":{"line":18,"column":0},"end":{"line":18,"column":45}},"19":{"start":{"line":20,"column":0},"end":{"line":20,"column":42}},"47":{"start":{"line":48,"column":0},"end":{"line":48,"column":43}},"48":{"start":{"line":49,"column":0},"end":{"line":49,"column":19}},"49":{"start":{"line":50,"column":0},"end":{"line":50,"column":26}},"50":{"start":{"line":51,"column":0},"end":{"line":51,"column":14}},"51":{"start":{"line":52,"column":0},"end":{"line":52,"column":12}},"52":{"start":{"line":53,"column":0},"end":{"line":53,"column":9}},"53":{"start":{"line":54,"column":0},"end":{"line":54,"column":12}},"54":{"start":{"line":55,"column":0},"end":{"line":55,"column":9}},"55":{"start":{"line":56,"column":0},"end":{"line":56,"column":4}},"56":{"start":{"line":57,"column":0},"end":{"line":57,"column":24}},"57":{"start":{"line":58,"column":0},"end":{"line":58,"column":27}},"58":{"start":{"line":59,"column":0},"end":{"line":59,"column":17}},"59":{"start":{"line":60,"column":0},"end":{"line":60,"column":28}},"60":{"start":{"line":61,"column":0},"end":{"line":61,"column":117}},"61":{"start":{"line":62,"column":0},"end":{"line":62,"column":42}},"62":{"start":{"line":63,"column":0},"end":{"line":63,"column":10}},"63":{"start":{"line":64,"column":0},"end":{"line":64,"column":56}},"64":{"start":{"line":65,"column":0},"end":{"line":65,"column":50}},"65":{"start":{"line":66,"column":0},"end":{"line":66,"column":4}},"66":{"start":{"line":67,"column":0},"end":{"line":67,"column":1}},"71":{"start":{"line":72,"column":0},"end":{"line":72,"column":45}},"73":{"start":{"line":74,"column":0},"end":{"line":74,"column":22}},"74":{"start":{"line":75,"column":0},"end":{"line":75,"column":50}},"75":{"start":{"line":76,"column":0},"end":{"line":76,"column":55}},"76":{"start":{"line":77,"column":0},"end":{"line":77,"column":36}},"77":{"start":{"line":78,"column":0},"end":{"line":78,"column":17}},"78":{"start":{"line":79,"column":0},"end":{"line":79,"column":29}},"79":{"start":{"line":80,"column":0},"end":{"line":80,"column":28}},"80":{"start":{"line":81,"column":0},"end":{"line":81,"column":22}},"81":{"start":{"line":82,"column":0},"end":{"line":82,"column":28}},"82":{"start":{"line":83,"column":0},"end":{"line":83,"column":27}},"83":{"start":{"line":84,"column":0},"end":{"line":84,"column":1}},"85":{"start":{"line":86,"column":0},"end":{"line":86,"column":25}},"86":{"start":{"line":87,"column":0},"end":{"line":87,"column":111}},"87":{"start":{"line":88,"column":0},"end":{"line":88,"column":59}},"88":{"start":{"line":89,"column":0},"end":{"line":89,"column":83}},"89":{"start":{"line":90,"column":0},"end":{"line":90,"column":27}},"90":{"start":{"line":91,"column":0},"end":{"line":91,"column":34}},"91":{"start":{"line":92,"column":0},"end":{"line":92,"column":31}},"92":{"start":{"line":93,"column":0},"end":{"line":93,"column":31}},"93":{"start":{"line":94,"column":0},"end":{"line":94,"column":27}},"94":{"start":{"line":95,"column":0},"end":{"line":95,"column":25}},"95":{"start":{"line":96,"column":0},"end":{"line":96,"column":35}},"96":{"start":{"line":97,"column":0},"end":{"line":97,"column":1}},"98":{"start":{"line":99,"column":0},"end":{"line":99,"column":26}},"99":{"start":{"line":100,"column":0},"end":{"line":100,"column":40}},"100":{"start":{"line":101,"column":0},"end":{"line":101,"column":47}},"101":{"start":{"line":102,"column":0},"end":{"line":102,"column":25}},"102":{"start":{"line":103,"column":0},"end":{"line":103,"column":34}},"103":{"start":{"line":104,"column":0},"end":{"line":104,"column":33}},"104":{"start":{"line":105,"column":0},"end":{"line":105,"column":27}},"105":{"start":{"line":106,"column":0},"end":{"line":106,"column":33}},"106":{"start":{"line":107,"column":0},"end":{"line":107,"column":32}},"109":{"start":{"line":110,"column":0},"end":{"line":110,"column":36}},"112":{"start":{"line":113,"column":0},"end":{"line":113,"column":31}},"114":{"start":{"line":115,"column":0},"end":{"line":115,"column":150}},"115":{"start":{"line":116,"column":0},"end":{"line":116,"column":3}},"120":{"start":{"line":121,"column":0},"end":{"line":121,"column":31}},"121":{"start":{"line":122,"column":0},"end":{"line":122,"column":9}},"123":{"start":{"line":124,"column":0},"end":{"line":124,"column":71}},"126":{"start":{"line":127,"column":0},"end":{"line":127,"column":42}},"129":{"start":{"line":130,"column":0},"end":{"line":130,"column":46}},"130":{"start":{"line":131,"column":0},"end":{"line":131,"column":55}},"131":{"start":{"line":132,"column":0},"end":{"line":132,"column":7}},"132":{"start":{"line":133,"column":0},"end":{"line":133,"column":57}},"133":{"start":{"line":134,"column":0},"end":{"line":134,"column":56}},"134":{"start":{"line":135,"column":0},"end":{"line":135,"column":7}},"137":{"start":{"line":138,"column":0},"end":{"line":138,"column":106}},"140":{"start":{"line":141,"column":0},"end":{"line":141,"column":44}},"141":{"start":{"line":142,"column":0},"end":{"line":142,"column":25}},"142":{"start":{"line":143,"column":0},"end":{"line":143,"column":39}},"143":{"start":{"line":144,"column":0},"end":{"line":144,"column":8}},"146":{"start":{"line":147,"column":0},"end":{"line":147,"column":52}},"147":{"start":{"line":148,"column":0},"end":{"line":148,"column":29}},"148":{"start":{"line":149,"column":0},"end":{"line":149,"column":42}},"149":{"start":{"line":150,"column":0},"end":{"line":150,"column":87}},"150":{"start":{"line":151,"column":0},"end":{"line":151,"column":88}},"151":{"start":{"line":152,"column":0},"end":{"line":152,"column":32}},"152":{"start":{"line":153,"column":0},"end":{"line":153,"column":53}},"153":{"start":{"line":154,"column":0},"end":{"line":154,"column":54}},"154":{"start":{"line":155,"column":0},"end":{"line":155,"column":42}},"155":{"start":{"line":156,"column":0},"end":{"line":156,"column":18}},"156":{"start":{"line":157,"column":0},"end":{"line":157,"column":40}},"157":{"start":{"line":158,"column":0},"end":{"line":158,"column":8}},"160":{"start":{"line":161,"column":0},"end":{"line":161,"column":55}},"161":{"start":{"line":162,"column":0},"end":{"line":162,"column":13}},"163":{"start":{"line":164,"column":0},"end":{"line":164,"column":56}},"166":{"start":{"line":167,"column":0},"end":{"line":167,"column":58}},"168":{"start":{"line":169,"column":0},"end":{"line":169,"column":88}},"169":{"start":{"line":170,"column":0},"end":{"line":170,"column":54}},"170":{"start":{"line":171,"column":0},"end":{"line":171,"column":67}},"171":{"start":{"line":172,"column":0},"end":{"line":172,"column":54}},"172":{"start":{"line":173,"column":0},"end":{"line":173,"column":59}},"173":{"start":{"line":174,"column":0},"end":{"line":174,"column":49}},"174":{"start":{"line":175,"column":0},"end":{"line":175,"column":15}},"175":{"start":{"line":176,"column":0},"end":{"line":176,"column":11}},"176":{"start":{"line":177,"column":0},"end":{"line":177,"column":16}},"178":{"start":{"line":179,"column":0},"end":{"line":179,"column":92}},"179":{"start":{"line":180,"column":0},"end":{"line":180,"column":74}},"180":{"start":{"line":181,"column":0},"end":{"line":181,"column":11}},"181":{"start":{"line":182,"column":0},"end":{"line":182,"column":9}},"182":{"start":{"line":183,"column":0},"end":{"line":183,"column":15}},"184":{"start":{"line":185,"column":0},"end":{"line":185,"column":9}},"185":{"start":{"line":186,"column":0},"end":{"line":186,"column":24}},"187":{"start":{"line":188,"column":0},"end":{"line":188,"column":94}},"190":{"start":{"line":191,"column":0},"end":{"line":191,"column":56}},"192":{"start":{"line":193,"column":0},"end":{"line":193,"column":56}},"195":{"start":{"line":196,"column":0},"end":{"line":196,"column":46}},"198":{"start":{"line":199,"column":0},"end":{"line":199,"column":33}},"200":{"start":{"line":201,"column":0},"end":{"line":201,"column":66}},"201":{"start":{"line":202,"column":0},"end":{"line":202,"column":5}},"202":{"start":{"line":203,"column":0},"end":{"line":203,"column":19}},"203":{"start":{"line":204,"column":0},"end":{"line":204,"column":65}},"204":{"start":{"line":205,"column":0},"end":{"line":205,"column":24}},"205":{"start":{"line":206,"column":0},"end":{"line":206,"column":17}},"206":{"start":{"line":207,"column":0},"end":{"line":207,"column":5}},"207":{"start":{"line":208,"column":0},"end":{"line":208,"column":3}},"212":{"start":{"line":213,"column":0},"end":{"line":213,"column":19}},"213":{"start":{"line":214,"column":0},"end":{"line":214,"column":21}},"214":{"start":{"line":215,"column":0},"end":{"line":215,"column":45}},"215":{"start":{"line":216,"column":0},"end":{"line":216,"column":5}},"217":{"start":{"line":218,"column":0},"end":{"line":218,"column":20}},"218":{"start":{"line":219,"column":0},"end":{"line":219,"column":3}},"223":{"start":{"line":224,"column":0},"end":{"line":224,"column":38}},"224":{"start":{"line":225,"column":0},"end":{"line":225,"column":24}},"225":{"start":{"line":226,"column":0},"end":{"line":226,"column":48}},"226":{"start":{"line":227,"column":0},"end":{"line":227,"column":5}},"228":{"start":{"line":229,"column":0},"end":{"line":229,"column":48}},"229":{"start":{"line":230,"column":0},"end":{"line":230,"column":56}},"230":{"start":{"line":231,"column":0},"end":{"line":231,"column":47}},"231":{"start":{"line":232,"column":0},"end":{"line":232,"column":46}},"232":{"start":{"line":233,"column":0},"end":{"line":233,"column":6}},"234":{"start":{"line":235,"column":0},"end":{"line":235,"column":67}},"235":{"start":{"line":236,"column":0},"end":{"line":236,"column":71}},"236":{"start":{"line":237,"column":0},"end":{"line":237,"column":57}},"237":{"start":{"line":238,"column":0},"end":{"line":238,"column":3}},"242":{"start":{"line":243,"column":0},"end":{"line":243,"column":53}},"243":{"start":{"line":244,"column":0},"end":{"line":244,"column":21}},"244":{"start":{"line":245,"column":0},"end":{"line":245,"column":45}},"245":{"start":{"line":246,"column":0},"end":{"line":246,"column":5}},"246":{"start":{"line":247,"column":0},"end":{"line":247,"column":20}},"247":{"start":{"line":248,"column":0},"end":{"line":248,"column":19}},"248":{"start":{"line":249,"column":0},"end":{"line":249,"column":68}},"249":{"start":{"line":250,"column":0},"end":{"line":250,"column":8}},"250":{"start":{"line":251,"column":0},"end":{"line":251,"column":45}},"251":{"start":{"line":252,"column":0},"end":{"line":252,"column":5}},"252":{"start":{"line":253,"column":0},"end":{"line":253,"column":3}},"258":{"start":{"line":259,"column":0},"end":{"line":259,"column":28}},"259":{"start":{"line":260,"column":0},"end":{"line":260,"column":39}},"260":{"start":{"line":261,"column":0},"end":{"line":261,"column":14}},"266":{"start":{"line":267,"column":0},"end":{"line":267,"column":11}},"267":{"start":{"line":268,"column":0},"end":{"line":268,"column":17}},"268":{"start":{"line":269,"column":0},"end":{"line":269,"column":11}},"269":{"start":{"line":270,"column":0},"end":{"line":270,"column":40}},"270":{"start":{"line":271,"column":0},"end":{"line":271,"column":29}},"271":{"start":{"line":272,"column":0},"end":{"line":272,"column":28}},"272":{"start":{"line":273,"column":0},"end":{"line":273,"column":21}},"273":{"start":{"line":274,"column":0},"end":{"line":274,"column":28}},"274":{"start":{"line":275,"column":0},"end":{"line":275,"column":15}},"276":{"start":{"line":277,"column":0},"end":{"line":277,"column":21}},"277":{"start":{"line":278,"column":0},"end":{"line":278,"column":45}},"278":{"start":{"line":279,"column":0},"end":{"line":279,"column":5}},"280":{"start":{"line":281,"column":0},"end":{"line":281,"column":25}},"282":{"start":{"line":283,"column":0},"end":{"line":283,"column":21}},"283":{"start":{"line":284,"column":0},"end":{"line":284,"column":19}},"285":{"start":{"line":286,"column":0},"end":{"line":286,"column":41}},"288":{"start":{"line":289,"column":0},"end":{"line":289,"column":30}},"289":{"start":{"line":290,"column":0},"end":{"line":290,"column":50}},"290":{"start":{"line":291,"column":0},"end":{"line":291,"column":9}},"293":{"start":{"line":294,"column":0},"end":{"line":294,"column":28}},"294":{"start":{"line":295,"column":0},"end":{"line":295,"column":48}},"295":{"start":{"line":296,"column":0},"end":{"line":296,"column":9}},"297":{"start":{"line":298,"column":0},"end":{"line":298,"column":21}},"298":{"start":{"line":299,"column":0},"end":{"line":299,"column":8}},"299":{"start":{"line":300,"column":0},"end":{"line":300,"column":7}},"300":{"start":{"line":301,"column":0},"end":{"line":301,"column":25}},"301":{"start":{"line":302,"column":0},"end":{"line":302,"column":23}},"302":{"start":{"line":303,"column":0},"end":{"line":303,"column":21}},"303":{"start":{"line":304,"column":0},"end":{"line":304,"column":22}},"304":{"start":{"line":305,"column":0},"end":{"line":305,"column":26}},"305":{"start":{"line":306,"column":0},"end":{"line":306,"column":19}},"306":{"start":{"line":307,"column":0},"end":{"line":307,"column":53}},"307":{"start":{"line":308,"column":0},"end":{"line":308,"column":107}},"310":{"start":{"line":311,"column":0},"end":{"line":311,"column":15}},"311":{"start":{"line":312,"column":0},"end":{"line":312,"column":40}},"312":{"start":{"line":313,"column":0},"end":{"line":313,"column":28}},"313":{"start":{"line":314,"column":0},"end":{"line":314,"column":36}},"314":{"start":{"line":315,"column":0},"end":{"line":315,"column":35}},"315":{"start":{"line":316,"column":0},"end":{"line":316,"column":82}},"316":{"start":{"line":317,"column":0},"end":{"line":317,"column":14}},"317":{"start":{"line":318,"column":0},"end":{"line":318,"column":11}},"318":{"start":{"line":319,"column":0},"end":{"line":319,"column":17}},"320":{"start":{"line":321,"column":0},"end":{"line":321,"column":11}},"321":{"start":{"line":322,"column":0},"end":{"line":322,"column":10}},"322":{"start":{"line":323,"column":0},"end":{"line":323,"column":8}},"323":{"start":{"line":324,"column":0},"end":{"line":324,"column":5}},"324":{"start":{"line":325,"column":0},"end":{"line":325,"column":3}},"329":{"start":{"line":330,"column":0},"end":{"line":330,"column":51}},"330":{"start":{"line":331,"column":0},"end":{"line":331,"column":21}},"331":{"start":{"line":332,"column":0},"end":{"line":332,"column":45}},"332":{"start":{"line":333,"column":0},"end":{"line":333,"column":5}},"334":{"start":{"line":335,"column":0},"end":{"line":335,"column":32}},"335":{"start":{"line":336,"column":0},"end":{"line":336,"column":23}},"336":{"start":{"line":337,"column":0},"end":{"line":337,"column":44}},"337":{"start":{"line":338,"column":0},"end":{"line":338,"column":39}},"338":{"start":{"line":339,"column":0},"end":{"line":339,"column":8}},"339":{"start":{"line":340,"column":0},"end":{"line":340,"column":7}},"340":{"start":{"line":341,"column":0},"end":{"line":341,"column":38}},"341":{"start":{"line":342,"column":0},"end":{"line":342,"column":28}},"342":{"start":{"line":343,"column":0},"end":{"line":343,"column":22}},"343":{"start":{"line":344,"column":0},"end":{"line":344,"column":8}},"344":{"start":{"line":345,"column":0},"end":{"line":345,"column":5}},"345":{"start":{"line":346,"column":0},"end":{"line":346,"column":3}},"350":{"start":{"line":351,"column":0},"end":{"line":351,"column":32}},"351":{"start":{"line":352,"column":0},"end":{"line":352,"column":9}},"353":{"start":{"line":354,"column":0},"end":{"line":354,"column":25}},"354":{"start":{"line":355,"column":0},"end":{"line":355,"column":13}},"355":{"start":{"line":356,"column":0},"end":{"line":356,"column":34}},"356":{"start":{"line":357,"column":0},"end":{"line":357,"column":9}},"357":{"start":{"line":358,"column":0},"end":{"line":358,"column":23}},"358":{"start":{"line":359,"column":0},"end":{"line":359,"column":69}},"359":{"start":{"line":360,"column":0},"end":{"line":360,"column":9}},"360":{"start":{"line":361,"column":0},"end":{"line":361,"column":7}},"362":{"start":{"line":363,"column":0},"end":{"line":363,"column":22}},"363":{"start":{"line":364,"column":0},"end":{"line":364,"column":31}},"364":{"start":{"line":365,"column":0},"end":{"line":365,"column":24}},"365":{"start":{"line":366,"column":0},"end":{"line":366,"column":7}},"366":{"start":{"line":367,"column":0},"end":{"line":367,"column":25}},"367":{"start":{"line":368,"column":0},"end":{"line":368,"column":34}},"368":{"start":{"line":369,"column":0},"end":{"line":369,"column":27}},"369":{"start":{"line":370,"column":0},"end":{"line":370,"column":7}},"370":{"start":{"line":371,"column":0},"end":{"line":371,"column":25}},"371":{"start":{"line":372,"column":0},"end":{"line":372,"column":34}},"372":{"start":{"line":373,"column":0},"end":{"line":373,"column":27}},"373":{"start":{"line":374,"column":0},"end":{"line":374,"column":7}},"375":{"start":{"line":376,"column":0},"end":{"line":376,"column":39}},"376":{"start":{"line":377,"column":0},"end":{"line":377,"column":5}},"377":{"start":{"line":378,"column":0},"end":{"line":378,"column":19}},"378":{"start":{"line":379,"column":0},"end":{"line":379,"column":50}},"379":{"start":{"line":380,"column":0},"end":{"line":380,"column":5}},"380":{"start":{"line":381,"column":0},"end":{"line":381,"column":3}},"385":{"start":{"line":386,"column":0},"end":{"line":386,"column":83}},"387":{"start":{"line":388,"column":0},"end":{"line":388,"column":46}},"393":{"start":{"line":394,"column":0},"end":{"line":394,"column":36}},"394":{"start":{"line":395,"column":0},"end":{"line":395,"column":20}},"395":{"start":{"line":396,"column":0},"end":{"line":396,"column":24}},"396":{"start":{"line":397,"column":0},"end":{"line":397,"column":34}},"397":{"start":{"line":398,"column":0},"end":{"line":398,"column":26}},"398":{"start":{"line":399,"column":0},"end":{"line":399,"column":30}},"399":{"start":{"line":400,"column":0},"end":{"line":400,"column":31}},"400":{"start":{"line":401,"column":0},"end":{"line":401,"column":30}},"401":{"start":{"line":402,"column":0},"end":{"line":402,"column":28}},"402":{"start":{"line":403,"column":0},"end":{"line":403,"column":29}},"403":{"start":{"line":404,"column":0},"end":{"line":404,"column":31}},"404":{"start":{"line":405,"column":0},"end":{"line":405,"column":34}},"405":{"start":{"line":406,"column":0},"end":{"line":406,"column":32}},"406":{"start":{"line":407,"column":0},"end":{"line":407,"column":32}},"407":{"start":{"line":408,"column":0},"end":{"line":408,"column":20}},"408":{"start":{"line":409,"column":0},"end":{"line":409,"column":25}},"409":{"start":{"line":410,"column":0},"end":{"line":410,"column":33}},"410":{"start":{"line":411,"column":0},"end":{"line":411,"column":7}},"412":{"start":{"line":413,"column":0},"end":{"line":413,"column":48}},"413":{"start":{"line":414,"column":0},"end":{"line":414,"column":13}},"414":{"start":{"line":415,"column":0},"end":{"line":415,"column":50}},"415":{"start":{"line":416,"column":0},"end":{"line":416,"column":31}},"416":{"start":{"line":417,"column":0},"end":{"line":417,"column":30}},"417":{"start":{"line":418,"column":0},"end":{"line":418,"column":24}},"418":{"start":{"line":419,"column":0},"end":{"line":419,"column":25}},"419":{"start":{"line":420,"column":0},"end":{"line":420,"column":14}},"420":{"start":{"line":421,"column":0},"end":{"line":421,"column":24}},"421":{"start":{"line":422,"column":0},"end":{"line":422,"column":25}},"422":{"start":{"line":423,"column":0},"end":{"line":423,"column":14}},"423":{"start":{"line":424,"column":0},"end":{"line":424,"column":12}},"424":{"start":{"line":425,"column":0},"end":{"line":425,"column":73}},"425":{"start":{"line":426,"column":0},"end":{"line":426,"column":31}},"426":{"start":{"line":427,"column":0},"end":{"line":427,"column":30}},"427":{"start":{"line":428,"column":0},"end":{"line":428,"column":24}},"428":{"start":{"line":429,"column":0},"end":{"line":429,"column":25}},"429":{"start":{"line":430,"column":0},"end":{"line":430,"column":14}},"430":{"start":{"line":431,"column":0},"end":{"line":431,"column":24}},"431":{"start":{"line":432,"column":0},"end":{"line":432,"column":25}},"432":{"start":{"line":433,"column":0},"end":{"line":433,"column":14}},"433":{"start":{"line":434,"column":0},"end":{"line":434,"column":12}},"435":{"start":{"line":436,"column":0},"end":{"line":436,"column":41}},"436":{"start":{"line":437,"column":0},"end":{"line":437,"column":64}},"437":{"start":{"line":438,"column":0},"end":{"line":438,"column":9}},"438":{"start":{"line":439,"column":0},"end":{"line":439,"column":15}},"440":{"start":{"line":441,"column":0},"end":{"line":441,"column":9}},"441":{"start":{"line":442,"column":0},"end":{"line":442,"column":7}},"444":{"start":{"line":445,"column":0},"end":{"line":445,"column":32}},"445":{"start":{"line":446,"column":0},"end":{"line":446,"column":40}},"446":{"start":{"line":447,"column":0},"end":{"line":447,"column":52}},"447":{"start":{"line":448,"column":0},"end":{"line":448,"column":18}},"448":{"start":{"line":449,"column":0},"end":{"line":449,"column":11}},"450":{"start":{"line":451,"column":0},"end":{"line":451,"column":29}},"451":{"start":{"line":452,"column":0},"end":{"line":452,"column":10}},"452":{"start":{"line":453,"column":0},"end":{"line":453,"column":40}},"453":{"start":{"line":454,"column":0},"end":{"line":454,"column":52}},"454":{"start":{"line":455,"column":0},"end":{"line":455,"column":24}},"455":{"start":{"line":456,"column":0},"end":{"line":456,"column":11}},"457":{"start":{"line":458,"column":0},"end":{"line":458,"column":31}},"458":{"start":{"line":459,"column":0},"end":{"line":459,"column":10}},"459":{"start":{"line":460,"column":0},"end":{"line":460,"column":7}},"461":{"start":{"line":462,"column":0},"end":{"line":462,"column":11}},"464":{"start":{"line":465,"column":0},"end":{"line":465,"column":65}},"465":{"start":{"line":466,"column":0},"end":{"line":466,"column":7}},"466":{"start":{"line":467,"column":0},"end":{"line":467,"column":13}},"468":{"start":{"line":469,"column":0},"end":{"line":469,"column":7}},"475":{"start":{"line":476,"column":0},"end":{"line":476,"column":26}},"476":{"start":{"line":477,"column":0},"end":{"line":477,"column":9}},"477":{"start":{"line":478,"column":0},"end":{"line":478,"column":50}},"478":{"start":{"line":479,"column":0},"end":{"line":479,"column":42}},"479":{"start":{"line":480,"column":0},"end":{"line":480,"column":20}},"480":{"start":{"line":481,"column":0},"end":{"line":481,"column":36}},"481":{"start":{"line":482,"column":0},"end":{"line":482,"column":10}},"482":{"start":{"line":483,"column":0},"end":{"line":483,"column":9}},"483":{"start":{"line":484,"column":0},"end":{"line":484,"column":50}},"484":{"start":{"line":485,"column":0},"end":{"line":485,"column":42}},"485":{"start":{"line":486,"column":0},"end":{"line":486,"column":20}},"486":{"start":{"line":487,"column":0},"end":{"line":487,"column":36}},"487":{"start":{"line":488,"column":0},"end":{"line":488,"column":10}},"488":{"start":{"line":489,"column":0},"end":{"line":489,"column":9}},"489":{"start":{"line":490,"column":0},"end":{"line":490,"column":39}},"490":{"start":{"line":491,"column":0},"end":{"line":491,"column":43}},"491":{"start":{"line":492,"column":0},"end":{"line":492,"column":20}},"492":{"start":{"line":493,"column":0},"end":{"line":493,"column":32}},"493":{"start":{"line":494,"column":0},"end":{"line":494,"column":10}},"494":{"start":{"line":495,"column":0},"end":{"line":495,"column":9}},"495":{"start":{"line":496,"column":0},"end":{"line":496,"column":45}},"496":{"start":{"line":497,"column":0},"end":{"line":497,"column":42}},"497":{"start":{"line":498,"column":0},"end":{"line":498,"column":20}},"498":{"start":{"line":499,"column":0},"end":{"line":499,"column":38}},"499":{"start":{"line":500,"column":0},"end":{"line":500,"column":10}},"500":{"start":{"line":501,"column":0},"end":{"line":501,"column":7}},"503":{"start":{"line":504,"column":0},"end":{"line":504,"column":82}},"506":{"start":{"line":507,"column":0},"end":{"line":507,"column":25}},"507":{"start":{"line":508,"column":0},"end":{"line":508,"column":27}},"508":{"start":{"line":509,"column":0},"end":{"line":509,"column":24}},"509":{"start":{"line":510,"column":0},"end":{"line":510,"column":22}},"510":{"start":{"line":511,"column":0},"end":{"line":511,"column":20}},"512":{"start":{"line":513,"column":0},"end":{"line":513,"column":32}},"513":{"start":{"line":514,"column":0},"end":{"line":514,"column":45}},"514":{"start":{"line":515,"column":0},"end":{"line":515,"column":39}},"515":{"start":{"line":516,"column":0},"end":{"line":516,"column":35}},"516":{"start":{"line":517,"column":0},"end":{"line":517,"column":31}},"519":{"start":{"line":520,"column":0},"end":{"line":520,"column":55}},"520":{"start":{"line":521,"column":0},"end":{"line":521,"column":9}},"522":{"start":{"line":523,"column":0},"end":{"line":523,"column":29}},"523":{"start":{"line":524,"column":0},"end":{"line":524,"column":45}},"524":{"start":{"line":525,"column":0},"end":{"line":525,"column":9}},"526":{"start":{"line":527,"column":0},"end":{"line":527,"column":33}},"527":{"start":{"line":528,"column":0},"end":{"line":528,"column":44}},"528":{"start":{"line":529,"column":0},"end":{"line":529,"column":9}},"529":{"start":{"line":530,"column":0},"end":{"line":530,"column":7}},"532":{"start":{"line":533,"column":0},"end":{"line":533,"column":51}},"533":{"start":{"line":534,"column":0},"end":{"line":534,"column":36}},"534":{"start":{"line":535,"column":0},"end":{"line":535,"column":8}},"537":{"start":{"line":538,"column":0},"end":{"line":538,"column":48}},"538":{"start":{"line":539,"column":0},"end":{"line":539,"column":28}},"539":{"start":{"line":540,"column":0},"end":{"line":540,"column":25}},"540":{"start":{"line":541,"column":0},"end":{"line":541,"column":30}},"541":{"start":{"line":542,"column":0},"end":{"line":542,"column":24}},"542":{"start":{"line":543,"column":0},"end":{"line":543,"column":8}},"545":{"start":{"line":546,"column":0},"end":{"line":546,"column":56}},"546":{"start":{"line":547,"column":0},"end":{"line":547,"column":47}},"547":{"start":{"line":548,"column":0},"end":{"line":548,"column":30}},"548":{"start":{"line":549,"column":0},"end":{"line":549,"column":27}},"549":{"start":{"line":550,"column":0},"end":{"line":550,"column":24}},"550":{"start":{"line":551,"column":0},"end":{"line":551,"column":26}},"551":{"start":{"line":552,"column":0},"end":{"line":552,"column":10}},"552":{"start":{"line":553,"column":0},"end":{"line":553,"column":7}},"555":{"start":{"line":556,"column":0},"end":{"line":556,"column":59}},"558":{"start":{"line":559,"column":0},"end":{"line":559,"column":51}},"559":{"start":{"line":560,"column":0},"end":{"line":560,"column":28}},"560":{"start":{"line":561,"column":0},"end":{"line":561,"column":25}},"561":{"start":{"line":562,"column":0},"end":{"line":562,"column":20}},"562":{"start":{"line":563,"column":0},"end":{"line":563,"column":24}},"563":{"start":{"line":564,"column":0},"end":{"line":564,"column":10}},"564":{"start":{"line":565,"column":0},"end":{"line":565,"column":20}},"565":{"start":{"line":566,"column":0},"end":{"line":566,"column":21}},"566":{"start":{"line":567,"column":0},"end":{"line":567,"column":10}},"567":{"start":{"line":568,"column":0},"end":{"line":568,"column":8}},"570":{"start":{"line":571,"column":0},"end":{"line":571,"column":25}},"571":{"start":{"line":572,"column":0},"end":{"line":572,"column":121}},"572":{"start":{"line":573,"column":0},"end":{"line":573,"column":137}},"573":{"start":{"line":574,"column":0},"end":{"line":574,"column":121}},"574":{"start":{"line":575,"column":0},"end":{"line":575,"column":131}},"575":{"start":{"line":576,"column":0},"end":{"line":576,"column":7}},"578":{"start":{"line":579,"column":0},"end":{"line":579,"column":67}},"581":{"start":{"line":582,"column":0},"end":{"line":582,"column":55}},"582":{"start":{"line":583,"column":0},"end":{"line":583,"column":28}},"583":{"start":{"line":584,"column":0},"end":{"line":584,"column":25}},"584":{"start":{"line":585,"column":0},"end":{"line":585,"column":32}},"585":{"start":{"line":586,"column":0},"end":{"line":586,"column":24}},"586":{"start":{"line":587,"column":0},"end":{"line":587,"column":8}},"589":{"start":{"line":590,"column":0},"end":{"line":590,"column":56}},"590":{"start":{"line":591,"column":0},"end":{"line":591,"column":57}},"591":{"start":{"line":592,"column":0},"end":{"line":592,"column":34}},"592":{"start":{"line":593,"column":0},"end":{"line":593,"column":48}},"593":{"start":{"line":594,"column":0},"end":{"line":594,"column":32}},"594":{"start":{"line":595,"column":0},"end":{"line":595,"column":29}},"595":{"start":{"line":596,"column":0},"end":{"line":596,"column":39}},"596":{"start":{"line":597,"column":0},"end":{"line":597,"column":28}},"597":{"start":{"line":598,"column":0},"end":{"line":598,"column":12}},"598":{"start":{"line":599,"column":0},"end":{"line":599,"column":9}},"601":{"start":{"line":602,"column":0},"end":{"line":602,"column":54}},"602":{"start":{"line":603,"column":0},"end":{"line":603,"column":30}},"603":{"start":{"line":604,"column":0},"end":{"line":604,"column":27}},"604":{"start":{"line":605,"column":0},"end":{"line":605,"column":25}},"605":{"start":{"line":606,"column":0},"end":{"line":606,"column":26}},"606":{"start":{"line":607,"column":0},"end":{"line":607,"column":10}},"609":{"start":{"line":610,"column":0},"end":{"line":610,"column":58}},"610":{"start":{"line":611,"column":0},"end":{"line":611,"column":30}},"611":{"start":{"line":612,"column":0},"end":{"line":612,"column":28}},"612":{"start":{"line":613,"column":0},"end":{"line":613,"column":25}},"613":{"start":{"line":614,"column":0},"end":{"line":614,"column":26}},"614":{"start":{"line":615,"column":0},"end":{"line":615,"column":10}},"615":{"start":{"line":616,"column":0},"end":{"line":616,"column":7}},"618":{"start":{"line":619,"column":0},"end":{"line":619,"column":53}},"619":{"start":{"line":620,"column":0},"end":{"line":620,"column":28}},"620":{"start":{"line":621,"column":0},"end":{"line":621,"column":25}},"621":{"start":{"line":622,"column":0},"end":{"line":622,"column":20}},"622":{"start":{"line":623,"column":0},"end":{"line":623,"column":31}},"623":{"start":{"line":624,"column":0},"end":{"line":624,"column":10}},"624":{"start":{"line":625,"column":0},"end":{"line":625,"column":20}},"625":{"start":{"line":626,"column":0},"end":{"line":626,"column":21}},"626":{"start":{"line":627,"column":0},"end":{"line":627,"column":10}},"627":{"start":{"line":628,"column":0},"end":{"line":628,"column":8}},"634":{"start":{"line":635,"column":0},"end":{"line":635,"column":25}},"635":{"start":{"line":636,"column":0},"end":{"line":636,"column":14}},"636":{"start":{"line":637,"column":0},"end":{"line":637,"column":29}},"637":{"start":{"line":638,"column":0},"end":{"line":638,"column":23}},"638":{"start":{"line":639,"column":0},"end":{"line":639,"column":12}},"639":{"start":{"line":640,"column":0},"end":{"line":640,"column":33}},"640":{"start":{"line":641,"column":0},"end":{"line":641,"column":24}},"641":{"start":{"line":642,"column":0},"end":{"line":642,"column":12}},"642":{"start":{"line":643,"column":0},"end":{"line":643,"column":25}},"643":{"start":{"line":644,"column":0},"end":{"line":644,"column":33}},"644":{"start":{"line":645,"column":0},"end":{"line":645,"column":35}},"645":{"start":{"line":646,"column":0},"end":{"line":646,"column":43}},"646":{"start":{"line":647,"column":0},"end":{"line":647,"column":12}},"647":{"start":{"line":648,"column":0},"end":{"line":648,"column":31}},"648":{"start":{"line":649,"column":0},"end":{"line":649,"column":34}},"649":{"start":{"line":650,"column":0},"end":{"line":650,"column":12}},"650":{"start":{"line":651,"column":0},"end":{"line":651,"column":29}},"651":{"start":{"line":652,"column":0},"end":{"line":652,"column":25}},"652":{"start":{"line":653,"column":0},"end":{"line":653,"column":37}},"653":{"start":{"line":654,"column":0},"end":{"line":654,"column":41}},"654":{"start":{"line":655,"column":0},"end":{"line":655,"column":31}},"655":{"start":{"line":656,"column":0},"end":{"line":656,"column":12}},"656":{"start":{"line":657,"column":0},"end":{"line":657,"column":31}},"657":{"start":{"line":658,"column":0},"end":{"line":658,"column":31}},"658":{"start":{"line":659,"column":0},"end":{"line":659,"column":12}},"659":{"start":{"line":660,"column":0},"end":{"line":660,"column":10}},"660":{"start":{"line":661,"column":0},"end":{"line":661,"column":20}},"661":{"start":{"line":662,"column":0},"end":{"line":662,"column":18}},"662":{"start":{"line":663,"column":0},"end":{"line":663,"column":61}},"663":{"start":{"line":664,"column":0},"end":{"line":664,"column":53}},"664":{"start":{"line":665,"column":0},"end":{"line":665,"column":40}},"665":{"start":{"line":666,"column":0},"end":{"line":666,"column":49}},"666":{"start":{"line":667,"column":0},"end":{"line":667,"column":11}},"667":{"start":{"line":668,"column":0},"end":{"line":668,"column":10}},"669":{"start":{"line":670,"column":0},"end":{"line":670,"column":51}},"670":{"start":{"line":671,"column":0},"end":{"line":671,"column":26}},"671":{"start":{"line":672,"column":0},"end":{"line":672,"column":18}},"672":{"start":{"line":673,"column":0},"end":{"line":673,"column":48}},"673":{"start":{"line":674,"column":0},"end":{"line":674,"column":29}},"674":{"start":{"line":675,"column":0},"end":{"line":675,"column":25}},"675":{"start":{"line":676,"column":0},"end":{"line":676,"column":19}},"676":{"start":{"line":677,"column":0},"end":{"line":677,"column":19}},"677":{"start":{"line":678,"column":0},"end":{"line":678,"column":45}},"678":{"start":{"line":679,"column":0},"end":{"line":679,"column":57}},"679":{"start":{"line":680,"column":0},"end":{"line":680,"column":49}},"680":{"start":{"line":681,"column":0},"end":{"line":681,"column":58}},"681":{"start":{"line":682,"column":0},"end":{"line":682,"column":48}},"682":{"start":{"line":683,"column":0},"end":{"line":683,"column":29}},"683":{"start":{"line":684,"column":0},"end":{"line":684,"column":22}},"684":{"start":{"line":685,"column":0},"end":{"line":685,"column":23}},"685":{"start":{"line":686,"column":0},"end":{"line":686,"column":29}},"686":{"start":{"line":687,"column":0},"end":{"line":687,"column":22}},"687":{"start":{"line":688,"column":0},"end":{"line":688,"column":45}},"688":{"start":{"line":689,"column":0},"end":{"line":689,"column":36}},"689":{"start":{"line":690,"column":0},"end":{"line":690,"column":25}},"690":{"start":{"line":691,"column":0},"end":{"line":691,"column":19}},"691":{"start":{"line":692,"column":0},"end":{"line":692,"column":19}},"692":{"start":{"line":693,"column":0},"end":{"line":693,"column":45}},"693":{"start":{"line":694,"column":0},"end":{"line":694,"column":45}},"694":{"start":{"line":695,"column":0},"end":{"line":695,"column":47}},"695":{"start":{"line":696,"column":0},"end":{"line":696,"column":63}},"696":{"start":{"line":697,"column":0},"end":{"line":697,"column":51}},"697":{"start":{"line":698,"column":0},"end":{"line":698,"column":50}},"698":{"start":{"line":699,"column":0},"end":{"line":699,"column":11}},"699":{"start":{"line":700,"column":0},"end":{"line":700,"column":10}},"700":{"start":{"line":701,"column":0},"end":{"line":701,"column":18}},"701":{"start":{"line":702,"column":0},"end":{"line":702,"column":26}},"702":{"start":{"line":703,"column":0},"end":{"line":703,"column":21}},"703":{"start":{"line":704,"column":0},"end":{"line":704,"column":12}},"704":{"start":{"line":705,"column":0},"end":{"line":705,"column":24}},"705":{"start":{"line":706,"column":0},"end":{"line":706,"column":30}},"706":{"start":{"line":707,"column":0},"end":{"line":707,"column":43}},"707":{"start":{"line":708,"column":0},"end":{"line":708,"column":31}},"708":{"start":{"line":709,"column":0},"end":{"line":709,"column":57}},"709":{"start":{"line":710,"column":0},"end":{"line":710,"column":29}},"710":{"start":{"line":711,"column":0},"end":{"line":711,"column":12}},"711":{"start":{"line":712,"column":0},"end":{"line":712,"column":36}},"712":{"start":{"line":713,"column":0},"end":{"line":713,"column":37}},"713":{"start":{"line":714,"column":0},"end":{"line":714,"column":35}},"714":{"start":{"line":715,"column":0},"end":{"line":715,"column":33}},"715":{"start":{"line":716,"column":0},"end":{"line":716,"column":12}},"716":{"start":{"line":717,"column":0},"end":{"line":717,"column":25}},"717":{"start":{"line":718,"column":0},"end":{"line":718,"column":23}},"718":{"start":{"line":719,"column":0},"end":{"line":719,"column":27}},"719":{"start":{"line":720,"column":0},"end":{"line":720,"column":25}},"720":{"start":{"line":721,"column":0},"end":{"line":721,"column":29}},"721":{"start":{"line":722,"column":0},"end":{"line":722,"column":29}},"722":{"start":{"line":723,"column":0},"end":{"line":723,"column":29}},"723":{"start":{"line":724,"column":0},"end":{"line":724,"column":12}},"724":{"start":{"line":725,"column":0},"end":{"line":725,"column":29}},"725":{"start":{"line":726,"column":0},"end":{"line":726,"column":23}},"726":{"start":{"line":727,"column":0},"end":{"line":727,"column":25}},"727":{"start":{"line":728,"column":0},"end":{"line":728,"column":29}},"728":{"start":{"line":729,"column":0},"end":{"line":729,"column":29}},"729":{"start":{"line":730,"column":0},"end":{"line":730,"column":29}},"730":{"start":{"line":731,"column":0},"end":{"line":731,"column":12}},"731":{"start":{"line":732,"column":0},"end":{"line":732,"column":23}},"732":{"start":{"line":733,"column":0},"end":{"line":733,"column":31}},"733":{"start":{"line":734,"column":0},"end":{"line":734,"column":25}},"734":{"start":{"line":735,"column":0},"end":{"line":735,"column":27}},"735":{"start":{"line":736,"column":0},"end":{"line":736,"column":23}},"736":{"start":{"line":737,"column":0},"end":{"line":737,"column":31}},"737":{"start":{"line":738,"column":0},"end":{"line":738,"column":23}},"738":{"start":{"line":739,"column":0},"end":{"line":739,"column":12}},"739":{"start":{"line":740,"column":0},"end":{"line":740,"column":37}},"740":{"start":{"line":741,"column":0},"end":{"line":741,"column":35}},"741":{"start":{"line":742,"column":0},"end":{"line":742,"column":35}},"742":{"start":{"line":743,"column":0},"end":{"line":743,"column":49}},"743":{"start":{"line":744,"column":0},"end":{"line":744,"column":12}},"744":{"start":{"line":745,"column":0},"end":{"line":745,"column":30}},"745":{"start":{"line":746,"column":0},"end":{"line":746,"column":23}},"746":{"start":{"line":747,"column":0},"end":{"line":747,"column":12}},"747":{"start":{"line":748,"column":0},"end":{"line":748,"column":10}},"748":{"start":{"line":749,"column":0},"end":{"line":749,"column":7}},"751":{"start":{"line":752,"column":0},"end":{"line":752,"column":47}},"752":{"start":{"line":753,"column":0},"end":{"line":753,"column":28}},"753":{"start":{"line":754,"column":0},"end":{"line":754,"column":25}},"754":{"start":{"line":755,"column":0},"end":{"line":755,"column":25}},"755":{"start":{"line":756,"column":0},"end":{"line":756,"column":24}},"756":{"start":{"line":757,"column":0},"end":{"line":757,"column":8}},"763":{"start":{"line":764,"column":0},"end":{"line":764,"column":69}},"764":{"start":{"line":765,"column":0},"end":{"line":765,"column":88}},"765":{"start":{"line":766,"column":0},"end":{"line":766,"column":69}},"768":{"start":{"line":769,"column":0},"end":{"line":769,"column":66}},"770":{"start":{"line":771,"column":0},"end":{"line":771,"column":42}},"771":{"start":{"line":772,"column":0},"end":{"line":772,"column":47}},"772":{"start":{"line":773,"column":0},"end":{"line":773,"column":29}},"773":{"start":{"line":774,"column":0},"end":{"line":774,"column":30}},"775":{"start":{"line":776,"column":0},"end":{"line":776,"column":27}},"778":{"start":{"line":779,"column":0},"end":{"line":779,"column":69}},"779":{"start":{"line":780,"column":0},"end":{"line":780,"column":67}},"782":{"start":{"line":783,"column":0},"end":{"line":783,"column":25}},"783":{"start":{"line":784,"column":0},"end":{"line":784,"column":15}},"784":{"start":{"line":785,"column":0},"end":{"line":785,"column":43}},"785":{"start":{"line":786,"column":0},"end":{"line":786,"column":11}},"786":{"start":{"line":787,"column":0},"end":{"line":787,"column":17}},"788":{"start":{"line":789,"column":0},"end":{"line":789,"column":25}},"789":{"start":{"line":790,"column":0},"end":{"line":790,"column":11}},"792":{"start":{"line":793,"column":0},"end":{"line":793,"column":31}},"793":{"start":{"line":794,"column":0},"end":{"line":794,"column":56}},"794":{"start":{"line":795,"column":0},"end":{"line":795,"column":87}},"796":{"start":{"line":797,"column":0},"end":{"line":797,"column":60}},"797":{"start":{"line":798,"column":0},"end":{"line":798,"column":89}},"798":{"start":{"line":799,"column":0},"end":{"line":799,"column":63}},"799":{"start":{"line":800,"column":0},"end":{"line":800,"column":13}},"800":{"start":{"line":801,"column":0},"end":{"line":801,"column":18}},"801":{"start":{"line":802,"column":0},"end":{"line":802,"column":44}},"802":{"start":{"line":803,"column":0},"end":{"line":803,"column":13}},"803":{"start":{"line":804,"column":0},"end":{"line":804,"column":11}},"806":{"start":{"line":807,"column":0},"end":{"line":807,"column":48}},"807":{"start":{"line":808,"column":0},"end":{"line":808,"column":9}},"809":{"start":{"line":810,"column":0},"end":{"line":810,"column":21}},"810":{"start":{"line":811,"column":0},"end":{"line":811,"column":7}},"813":{"start":{"line":814,"column":0},"end":{"line":814,"column":82}},"814":{"start":{"line":815,"column":0},"end":{"line":815,"column":115}},"815":{"start":{"line":816,"column":0},"end":{"line":816,"column":60}},"816":{"start":{"line":817,"column":0},"end":{"line":817,"column":13}},"817":{"start":{"line":818,"column":0},"end":{"line":818,"column":13}},"818":{"start":{"line":819,"column":0},"end":{"line":819,"column":13}},"819":{"start":{"line":820,"column":0},"end":{"line":820,"column":13}},"820":{"start":{"line":821,"column":0},"end":{"line":821,"column":10}},"823":{"start":{"line":824,"column":0},"end":{"line":824,"column":47}},"825":{"start":{"line":826,"column":0},"end":{"line":826,"column":27}},"827":{"start":{"line":828,"column":0},"end":{"line":828,"column":62}},"829":{"start":{"line":830,"column":0},"end":{"line":830,"column":44}},"831":{"start":{"line":832,"column":0},"end":{"line":832,"column":43}},"832":{"start":{"line":833,"column":0},"end":{"line":833,"column":72}},"833":{"start":{"line":834,"column":0},"end":{"line":834,"column":81}},"834":{"start":{"line":835,"column":0},"end":{"line":835,"column":100}},"835":{"start":{"line":836,"column":0},"end":{"line":836,"column":17}},"836":{"start":{"line":837,"column":0},"end":{"line":837,"column":15}},"837":{"start":{"line":838,"column":0},"end":{"line":838,"column":13}},"838":{"start":{"line":839,"column":0},"end":{"line":839,"column":11}},"839":{"start":{"line":840,"column":0},"end":{"line":840,"column":9}},"841":{"start":{"line":842,"column":0},"end":{"line":842,"column":24}},"842":{"start":{"line":843,"column":0},"end":{"line":843,"column":7}},"846":{"start":{"line":847,"column":0},"end":{"line":847,"column":79}},"847":{"start":{"line":848,"column":0},"end":{"line":848,"column":83}},"850":{"start":{"line":851,"column":0},"end":{"line":851,"column":34}},"851":{"start":{"line":852,"column":0},"end":{"line":852,"column":37}},"852":{"start":{"line":853,"column":0},"end":{"line":853,"column":9}},"854":{"start":{"line":855,"column":0},"end":{"line":855,"column":34}},"855":{"start":{"line":856,"column":0},"end":{"line":856,"column":39}},"856":{"start":{"line":857,"column":0},"end":{"line":857,"column":9}},"860":{"start":{"line":861,"column":0},"end":{"line":861,"column":33}},"861":{"start":{"line":862,"column":0},"end":{"line":862,"column":51}},"862":{"start":{"line":863,"column":0},"end":{"line":863,"column":9}},"864":{"start":{"line":865,"column":0},"end":{"line":865,"column":33}},"866":{"start":{"line":867,"column":0},"end":{"line":867,"column":65}},"869":{"start":{"line":870,"column":0},"end":{"line":870,"column":42}},"870":{"start":{"line":871,"column":0},"end":{"line":871,"column":22}},"871":{"start":{"line":872,"column":0},"end":{"line":872,"column":9}},"873":{"start":{"line":874,"column":0},"end":{"line":874,"column":33}},"874":{"start":{"line":875,"column":0},"end":{"line":875,"column":56}},"875":{"start":{"line":876,"column":0},"end":{"line":876,"column":54}},"876":{"start":{"line":877,"column":0},"end":{"line":877,"column":11}},"877":{"start":{"line":878,"column":0},"end":{"line":878,"column":103}},"878":{"start":{"line":879,"column":0},"end":{"line":879,"column":53}},"879":{"start":{"line":880,"column":0},"end":{"line":880,"column":11}},"881":{"start":{"line":882,"column":0},"end":{"line":882,"column":53}},"882":{"start":{"line":883,"column":0},"end":{"line":883,"column":9}},"884":{"start":{"line":885,"column":0},"end":{"line":885,"column":34}},"886":{"start":{"line":887,"column":0},"end":{"line":887,"column":56}},"887":{"start":{"line":888,"column":0},"end":{"line":888,"column":70}},"888":{"start":{"line":889,"column":0},"end":{"line":889,"column":11}},"889":{"start":{"line":890,"column":0},"end":{"line":890,"column":53}},"890":{"start":{"line":891,"column":0},"end":{"line":891,"column":68}},"891":{"start":{"line":892,"column":0},"end":{"line":892,"column":11}},"893":{"start":{"line":894,"column":0},"end":{"line":894,"column":69}},"894":{"start":{"line":895,"column":0},"end":{"line":895,"column":9}},"897":{"start":{"line":898,"column":0},"end":{"line":898,"column":60}},"898":{"start":{"line":899,"column":0},"end":{"line":899,"column":7}},"901":{"start":{"line":902,"column":0},"end":{"line":902,"column":58}},"902":{"start":{"line":903,"column":0},"end":{"line":903,"column":83}},"903":{"start":{"line":904,"column":0},"end":{"line":904,"column":86}},"906":{"start":{"line":907,"column":0},"end":{"line":907,"column":36}},"907":{"start":{"line":908,"column":0},"end":{"line":908,"column":39}},"908":{"start":{"line":909,"column":0},"end":{"line":909,"column":11}},"910":{"start":{"line":911,"column":0},"end":{"line":911,"column":36}},"911":{"start":{"line":912,"column":0},"end":{"line":912,"column":41}},"912":{"start":{"line":913,"column":0},"end":{"line":913,"column":11}},"915":{"start":{"line":916,"column":0},"end":{"line":916,"column":35}},"916":{"start":{"line":917,"column":0},"end":{"line":917,"column":53}},"917":{"start":{"line":918,"column":0},"end":{"line":918,"column":11}},"919":{"start":{"line":920,"column":0},"end":{"line":920,"column":35}},"920":{"start":{"line":921,"column":0},"end":{"line":921,"column":67}},"922":{"start":{"line":923,"column":0},"end":{"line":923,"column":44}},"923":{"start":{"line":924,"column":0},"end":{"line":924,"column":24}},"924":{"start":{"line":925,"column":0},"end":{"line":925,"column":11}},"926":{"start":{"line":927,"column":0},"end":{"line":927,"column":35}},"927":{"start":{"line":928,"column":0},"end":{"line":928,"column":58}},"928":{"start":{"line":929,"column":0},"end":{"line":929,"column":56}},"929":{"start":{"line":930,"column":0},"end":{"line":930,"column":13}},"930":{"start":{"line":931,"column":0},"end":{"line":931,"column":105}},"931":{"start":{"line":932,"column":0},"end":{"line":932,"column":55}},"932":{"start":{"line":933,"column":0},"end":{"line":933,"column":13}},"934":{"start":{"line":935,"column":0},"end":{"line":935,"column":55}},"935":{"start":{"line":936,"column":0},"end":{"line":936,"column":11}},"937":{"start":{"line":938,"column":0},"end":{"line":938,"column":36}},"938":{"start":{"line":939,"column":0},"end":{"line":939,"column":58}},"939":{"start":{"line":940,"column":0},"end":{"line":940,"column":73}},"940":{"start":{"line":941,"column":0},"end":{"line":941,"column":13}},"941":{"start":{"line":942,"column":0},"end":{"line":942,"column":55}},"942":{"start":{"line":943,"column":0},"end":{"line":943,"column":71}},"943":{"start":{"line":944,"column":0},"end":{"line":944,"column":13}},"945":{"start":{"line":946,"column":0},"end":{"line":946,"column":72}},"946":{"start":{"line":947,"column":0},"end":{"line":947,"column":11}},"949":{"start":{"line":950,"column":0},"end":{"line":950,"column":63}},"950":{"start":{"line":951,"column":0},"end":{"line":951,"column":9}},"951":{"start":{"line":952,"column":0},"end":{"line":952,"column":7}},"958":{"start":{"line":959,"column":0},"end":{"line":959,"column":63}},"959":{"start":{"line":960,"column":0},"end":{"line":960,"column":27}},"960":{"start":{"line":961,"column":0},"end":{"line":961,"column":25}},"961":{"start":{"line":962,"column":0},"end":{"line":962,"column":20}},"962":{"start":{"line":963,"column":0},"end":{"line":963,"column":44}},"963":{"start":{"line":964,"column":0},"end":{"line":964,"column":10}},"964":{"start":{"line":965,"column":0},"end":{"line":965,"column":20}},"965":{"start":{"line":966,"column":0},"end":{"line":966,"column":21}},"966":{"start":{"line":967,"column":0},"end":{"line":967,"column":10}},"967":{"start":{"line":968,"column":0},"end":{"line":968,"column":8}},"970":{"start":{"line":971,"column":0},"end":{"line":971,"column":40}},"971":{"start":{"line":972,"column":0},"end":{"line":972,"column":58}},"972":{"start":{"line":973,"column":0},"end":{"line":973,"column":29}},"973":{"start":{"line":974,"column":0},"end":{"line":974,"column":27}},"974":{"start":{"line":975,"column":0},"end":{"line":975,"column":22}},"975":{"start":{"line":976,"column":0},"end":{"line":976,"column":39}},"976":{"start":{"line":977,"column":0},"end":{"line":977,"column":12}},"977":{"start":{"line":978,"column":0},"end":{"line":978,"column":22}},"978":{"start":{"line":979,"column":0},"end":{"line":979,"column":23}},"979":{"start":{"line":980,"column":0},"end":{"line":980,"column":12}},"980":{"start":{"line":981,"column":0},"end":{"line":981,"column":10}},"981":{"start":{"line":982,"column":0},"end":{"line":982,"column":7}},"988":{"start":{"line":989,"column":0},"end":{"line":989,"column":53}},"989":{"start":{"line":990,"column":0},"end":{"line":990,"column":27}},"990":{"start":{"line":991,"column":0},"end":{"line":991,"column":25}},"991":{"start":{"line":992,"column":0},"end":{"line":992,"column":20}},"992":{"start":{"line":993,"column":0},"end":{"line":993,"column":39}},"993":{"start":{"line":994,"column":0},"end":{"line":994,"column":10}},"994":{"start":{"line":995,"column":0},"end":{"line":995,"column":20}},"995":{"start":{"line":996,"column":0},"end":{"line":996,"column":21}},"996":{"start":{"line":997,"column":0},"end":{"line":997,"column":10}},"997":{"start":{"line":998,"column":0},"end":{"line":998,"column":8}},"1000":{"start":{"line":1001,"column":0},"end":{"line":1001,"column":29}},"1001":{"start":{"line":1002,"column":0},"end":{"line":1002,"column":13}},"1002":{"start":{"line":1003,"column":0},"end":{"line":1003,"column":56}},"1003":{"start":{"line":1004,"column":0},"end":{"line":1004,"column":31}},"1004":{"start":{"line":1005,"column":0},"end":{"line":1005,"column":29}},"1005":{"start":{"line":1006,"column":0},"end":{"line":1006,"column":24}},"1006":{"start":{"line":1007,"column":0},"end":{"line":1007,"column":37}},"1007":{"start":{"line":1008,"column":0},"end":{"line":1008,"column":14}},"1008":{"start":{"line":1009,"column":0},"end":{"line":1009,"column":24}},"1009":{"start":{"line":1010,"column":0},"end":{"line":1010,"column":25}},"1010":{"start":{"line":1011,"column":0},"end":{"line":1011,"column":14}},"1011":{"start":{"line":1012,"column":0},"end":{"line":1012,"column":12}},"1012":{"start":{"line":1013,"column":0},"end":{"line":1013,"column":9}},"1013":{"start":{"line":1014,"column":0},"end":{"line":1014,"column":15}},"1015":{"start":{"line":1016,"column":0},"end":{"line":1016,"column":9}},"1016":{"start":{"line":1017,"column":0},"end":{"line":1017,"column":7}},"1019":{"start":{"line":1020,"column":0},"end":{"line":1020,"column":69}},"1020":{"start":{"line":1021,"column":0},"end":{"line":1021,"column":13}},"1021":{"start":{"line":1022,"column":0},"end":{"line":1022,"column":53}},"1022":{"start":{"line":1023,"column":0},"end":{"line":1023,"column":31}},"1023":{"start":{"line":1024,"column":0},"end":{"line":1024,"column":29}},"1024":{"start":{"line":1025,"column":0},"end":{"line":1025,"column":24}},"1025":{"start":{"line":1026,"column":0},"end":{"line":1026,"column":34}},"1026":{"start":{"line":1027,"column":0},"end":{"line":1027,"column":14}},"1027":{"start":{"line":1028,"column":0},"end":{"line":1028,"column":24}},"1028":{"start":{"line":1029,"column":0},"end":{"line":1029,"column":25}},"1029":{"start":{"line":1030,"column":0},"end":{"line":1030,"column":14}},"1030":{"start":{"line":1031,"column":0},"end":{"line":1031,"column":12}},"1031":{"start":{"line":1032,"column":0},"end":{"line":1032,"column":9}},"1032":{"start":{"line":1033,"column":0},"end":{"line":1033,"column":15}},"1034":{"start":{"line":1035,"column":0},"end":{"line":1035,"column":9}},"1035":{"start":{"line":1036,"column":0},"end":{"line":1036,"column":7}},"1042":{"start":{"line":1043,"column":0},"end":{"line":1043,"column":73}},"1043":{"start":{"line":1044,"column":0},"end":{"line":1044,"column":115}},"1044":{"start":{"line":1045,"column":0},"end":{"line":1045,"column":35}},"1047":{"start":{"line":1048,"column":0},"end":{"line":1048,"column":84}},"1048":{"start":{"line":1049,"column":0},"end":{"line":1049,"column":34}},"1049":{"start":{"line":1050,"column":0},"end":{"line":1050,"column":37}},"1050":{"start":{"line":1051,"column":0},"end":{"line":1051,"column":25}},"1051":{"start":{"line":1052,"column":0},"end":{"line":1052,"column":14}},"1052":{"start":{"line":1053,"column":0},"end":{"line":1053,"column":34}},"1053":{"start":{"line":1054,"column":0},"end":{"line":1054,"column":25}},"1054":{"start":{"line":1055,"column":0},"end":{"line":1055,"column":14}},"1055":{"start":{"line":1056,"column":0},"end":{"line":1056,"column":17}},"1056":{"start":{"line":1057,"column":0},"end":{"line":1057,"column":27}},"1057":{"start":{"line":1058,"column":0},"end":{"line":1058,"column":40}},"1058":{"start":{"line":1059,"column":0},"end":{"line":1059,"column":25}},"1059":{"start":{"line":1060,"column":0},"end":{"line":1060,"column":14}},"1060":{"start":{"line":1061,"column":0},"end":{"line":1061,"column":43}},"1061":{"start":{"line":1062,"column":0},"end":{"line":1062,"column":32}},"1062":{"start":{"line":1063,"column":0},"end":{"line":1063,"column":9}},"1065":{"start":{"line":1066,"column":0},"end":{"line":1066,"column":86}},"1066":{"start":{"line":1067,"column":0},"end":{"line":1067,"column":7}},"1073":{"start":{"line":1074,"column":0},"end":{"line":1074,"column":55}},"1074":{"start":{"line":1075,"column":0},"end":{"line":1075,"column":20}},"1075":{"start":{"line":1076,"column":0},"end":{"line":1076,"column":51}},"1076":{"start":{"line":1077,"column":0},"end":{"line":1077,"column":10}},"1077":{"start":{"line":1078,"column":0},"end":{"line":1078,"column":8}},"1084":{"start":{"line":1085,"column":0},"end":{"line":1085,"column":28}},"1085":{"start":{"line":1086,"column":0},"end":{"line":1086,"column":69}},"1086":{"start":{"line":1087,"column":0},"end":{"line":1087,"column":68}},"1089":{"start":{"line":1090,"column":0},"end":{"line":1090,"column":62}},"1090":{"start":{"line":1091,"column":0},"end":{"line":1091,"column":148}},"1091":{"start":{"line":1092,"column":0},"end":{"line":1092,"column":31}},"1092":{"start":{"line":1093,"column":0},"end":{"line":1093,"column":39}},"1093":{"start":{"line":1094,"column":0},"end":{"line":1094,"column":28}},"1094":{"start":{"line":1095,"column":0},"end":{"line":1095,"column":30}},"1095":{"start":{"line":1096,"column":0},"end":{"line":1096,"column":46}},"1096":{"start":{"line":1097,"column":0},"end":{"line":1097,"column":51}},"1097":{"start":{"line":1098,"column":0},"end":{"line":1098,"column":31}},"1098":{"start":{"line":1099,"column":0},"end":{"line":1099,"column":15}},"1099":{"start":{"line":1100,"column":0},"end":{"line":1100,"column":20}},"1100":{"start":{"line":1101,"column":0},"end":{"line":1101,"column":43}},"1101":{"start":{"line":1102,"column":0},"end":{"line":1102,"column":15}},"1102":{"start":{"line":1103,"column":0},"end":{"line":1103,"column":18}},"1103":{"start":{"line":1104,"column":0},"end":{"line":1104,"column":11}},"1104":{"start":{"line":1105,"column":0},"end":{"line":1105,"column":9}},"1105":{"start":{"line":1106,"column":0},"end":{"line":1106,"column":35}},"1106":{"start":{"line":1107,"column":0},"end":{"line":1107,"column":38}},"1107":{"start":{"line":1108,"column":0},"end":{"line":1108,"column":29}},"1108":{"start":{"line":1109,"column":0},"end":{"line":1109,"column":30}},"1109":{"start":{"line":1110,"column":0},"end":{"line":1110,"column":45}},"1110":{"start":{"line":1111,"column":0},"end":{"line":1111,"column":51}},"1111":{"start":{"line":1112,"column":0},"end":{"line":1112,"column":31}},"1112":{"start":{"line":1113,"column":0},"end":{"line":1113,"column":15}},"1113":{"start":{"line":1114,"column":0},"end":{"line":1114,"column":20}},"1114":{"start":{"line":1115,"column":0},"end":{"line":1115,"column":43}},"1115":{"start":{"line":1116,"column":0},"end":{"line":1116,"column":15}},"1116":{"start":{"line":1117,"column":0},"end":{"line":1117,"column":18}},"1117":{"start":{"line":1118,"column":0},"end":{"line":1118,"column":11}},"1118":{"start":{"line":1119,"column":0},"end":{"line":1119,"column":9}},"1119":{"start":{"line":1120,"column":0},"end":{"line":1120,"column":14}},"1120":{"start":{"line":1121,"column":0},"end":{"line":1121,"column":55}},"1121":{"start":{"line":1122,"column":0},"end":{"line":1122,"column":17}},"1122":{"start":{"line":1123,"column":0},"end":{"line":1123,"column":21}},"1123":{"start":{"line":1124,"column":0},"end":{"line":1124,"column":20}},"1124":{"start":{"line":1125,"column":0},"end":{"line":1125,"column":12}},"1125":{"start":{"line":1126,"column":0},"end":{"line":1126,"column":9}},"1126":{"start":{"line":1127,"column":0},"end":{"line":1127,"column":7}},"1130":{"start":{"line":1131,"column":0},"end":{"line":1131,"column":41}},"1131":{"start":{"line":1132,"column":0},"end":{"line":1132,"column":71}},"1132":{"start":{"line":1133,"column":0},"end":{"line":1133,"column":26}},"1134":{"start":{"line":1135,"column":0},"end":{"line":1135,"column":36}},"1135":{"start":{"line":1136,"column":0},"end":{"line":1136,"column":38}},"1136":{"start":{"line":1137,"column":0},"end":{"line":1137,"column":67}},"1137":{"start":{"line":1138,"column":0},"end":{"line":1138,"column":74}},"1139":{"start":{"line":1140,"column":0},"end":{"line":1140,"column":47}},"1140":{"start":{"line":1141,"column":0},"end":{"line":1141,"column":19}},"1141":{"start":{"line":1142,"column":0},"end":{"line":1142,"column":53}},"1142":{"start":{"line":1143,"column":0},"end":{"line":1143,"column":33}},"1143":{"start":{"line":1144,"column":0},"end":{"line":1144,"column":17}},"1144":{"start":{"line":1145,"column":0},"end":{"line":1145,"column":22}},"1145":{"start":{"line":1146,"column":0},"end":{"line":1146,"column":45}},"1146":{"start":{"line":1147,"column":0},"end":{"line":1147,"column":17}},"1147":{"start":{"line":1148,"column":0},"end":{"line":1148,"column":15}},"1148":{"start":{"line":1149,"column":0},"end":{"line":1149,"column":21}},"1150":{"start":{"line":1151,"column":0},"end":{"line":1151,"column":15}},"1151":{"start":{"line":1152,"column":0},"end":{"line":1152,"column":13}},"1153":{"start":{"line":1154,"column":0},"end":{"line":1154,"column":30}},"1154":{"start":{"line":1155,"column":0},"end":{"line":1155,"column":67}},"1155":{"start":{"line":1156,"column":0},"end":{"line":1156,"column":73}},"1156":{"start":{"line":1157,"column":0},"end":{"line":1157,"column":13}},"1157":{"start":{"line":1158,"column":0},"end":{"line":1158,"column":18}},"1158":{"start":{"line":1159,"column":0},"end":{"line":1159,"column":67}},"1159":{"start":{"line":1160,"column":0},"end":{"line":1160,"column":72}},"1160":{"start":{"line":1161,"column":0},"end":{"line":1161,"column":13}},"1161":{"start":{"line":1162,"column":0},"end":{"line":1162,"column":11}},"1163":{"start":{"line":1164,"column":0},"end":{"line":1164,"column":31}},"
[...]
nd":{"line":52,"column":32}},"52":{"start":{"line":53,"column":0},"end":{"line":53,"column":3}},"57":{"start":{"line":58,"column":0},"end":{"line":58,"column":43}},"58":{"start":{"line":59,"column":0},"end":{"line":59,"column":41}},"59":{"start":{"line":60,"column":0},"end":{"line":60,"column":3}},"64":{"start":{"line":65,"column":0},"end":{"line":65,"column":39}},"65":{"start":{"line":66,"column":0},"end":{"line":66,"column":28}},"66":{"start":{"line":67,"column":0},"end":{"line":67,"column":3}},"71":{"start":{"line":72,"column":0},"end":{"line":72,"column":39}},"72":{"start":{"line":73,"column":0},"end":{"line":73,"column":35}},"73":{"start":{"line":74,"column":0},"end":{"line":74,"column":45}},"75":{"start":{"line":76,"column":0},"end":{"line":76,"column":44}},"77":{"start":{"line":78,"column":0},"end":{"line":78,"column":20}},"78":{"start":{"line":79,"column":0},"end":{"line":79,"column":42}},"79":{"start":{"line":80,"column":0},"end":{"line":80,"column":43}},"80":{"start":{"line":81,"column":0},"end":{"line":81,"column":31}},"81":{"start":{"line":82,"column":0},"end":{"line":82,"column":56}},"82":{"start":{"line":83,"column":0},"end":{"line":83,"column":51}},"83":{"start":{"line":84,"column":0},"end":{"line":84,"column":63}},"84":{"start":{"line":85,"column":0},"end":{"line":85,"column":107}},"85":{"start":{"line":86,"column":0},"end":{"line":86,"column":3}},"90":{"start":{"line":91,"column":0},"end":{"line":91,"column":31}},"91":{"start":{"line":92,"column":0},"end":{"line":92,"column":26}},"92":{"start":{"line":93,"column":0},"end":{"line":93,"column":63}},"93":{"start":{"line":94,"column":0},"end":{"line":94,"column":57}},"94":{"start":{"line":95,"column":0},"end":{"line":95,"column":79}},"95":{"start":{"line":96,"column":0},"end":{"line":96,"column":71}},"97":{"start":{"line":98,"column":0},"end":{"line":98,"column":43}},"98":{"start":{"line":99,"column":0},"end":{"line":99,"column":3}},"103":{"start":{"line":104,"column":0},"end":{"line":104,"column":36}},"104":{"start":{"line":105,"column":0},"end":{"line":105,"column":39}},"105":{"start":{"line":106,"column":0},"end":{"line":106,"column":16}},"106":{"start":{"line":107,"column":0},"end":{"line":107,"column":5}},"108":{"start":{"line":109,"column":0},"end":{"line":109,"column":92}},"109":{"start":{"line":110,"column":0},"end":{"line":110,"column":3}},"110":{"start":{"line":111,"column":0},"end":{"line":111,"column":1}}},"s":{"0":0,"1":0,"3":0,"18":0,"19":0,"21":0,"22":0,"24":0,"25":0,"26":0,"27":0,"28":0,"29":0,"30":0,"31":0,"32":0,"33":0,"38":0,"39":0,"40":0,"41":0,"42":0,"43":0,"44":0,"45":0,"50":0,"51":0,"52":0,"57":0,"58":0,"59":0,"64":0,"65":0,"66":0,"71":0,"72":0,"73":0,"75":0,"77":0,"78":0,"79":0,"80":0,"81":0,"82":0,"83":0,"84":0,"85":0,"90":0,"91":0,"92":0,"93":0,"94":0,"95":0,"97":0,"98":0,"103":0,"104":0,"105":0,"106":0,"108":0,"109":0,"110":0},"branchMap":{"0":{"type":"branch","line":1,"loc":{"start":{"line":1,"column":2805},"end":{"line":111,"column":1}},"locations":[{"start":{"line":1,"column":2805},"end":{"line":111,"column":1}}]}},"b":{"0":[0]},"fnMap":{"0":{"name":"(empty-report)","decl":{"start":{"line":1,"column":2805},"end":{"line":111,"column":1}},"loc":{"start":{"line":1,"column":2805},"end":{"line":111,"column":1}},"line":1}},"f":{"0":0}}
,"/home/pip/dev/projects/myself/github/ozon-tracker/src/utils/retry.ts": {"path":"/home/pip/dev/projects/myself/github/ozon-tracker/src/utils/retry.ts","all":false,"statementMap":{"8":{"start":{"line":9,"column":0},"end":{"line":9,"column":39}},"10":{"start":{"line":11,"column":0},"end":{"line":11,"column":43}},"31":{"start":{"line":32,"column":0},"end":{"line":32,"column":50}},"32":{"start":{"line":33,"column":0},"end":{"line":33,"column":19}},"33":{"start":{"line":34,"column":0},"end":{"line":34,"column":23}},"34":{"start":{"line":35,"column":0},"end":{"line":35,"column":15}},"35":{"start":{"line":36,"column":0},"end":{"line":36,"column":16}},"36":{"start":{"line":37,"column":0},"end":{"line":37,"column":20}},"37":{"start":{"line":38,"column":0},"end":{"line":38,"column":16}},"38":{"start":{"line":39,"column":0},"end":{"line":39,"column":45}},"39":{"start":{"line":40,"column":0},"end":{"line":40,"column":49}},"41":{"start":{"line":42,"column":0},"end":{"line":42,"column":4}},"42":{"start":{"line":43,"column":0},"end":{"line":43,"column":36}},"44":{"start":{"line":45,"column":0},"end":{"line":45,"column":47}},"45":{"start":{"line":46,"column":0},"end":{"line":46,"column":17}},"46":{"start":{"line":47,"column":0},"end":{"line":47,"column":5}},"48":{"start":{"line":49,"column":0},"end":{"line":49,"column":34}},"49":{"start":{"line":50,"column":0},"end":{"line":50,"column":39}},"51":{"start":{"line":52,"column":0},"end":{"line":52,"column":62}},"52":{"start":{"line":53,"column":0},"end":{"line":53,"column":5}},"55":{"start":{"line":56,"column":0},"end":{"line":56,"column":36}},"56":{"start":{"line":57,"column":0},"end":{"line":57,"column":16}},"57":{"start":{"line":58,"column":0},"end":{"line":58,"column":19}},"58":{"start":{"line":59,"column":0},"end":{"line":59,"column":21}},"59":{"start":{"line":60,"column":0},"end":{"line":60,"column":14}},"60":{"start":{"line":61,"column":0},"end":{"line":61,"column":18}},"61":{"start":{"line":62,"column":0},"end":{"line":62,"column":23}},"62":{"start":{"line":63,"column":0},"end":{"line":63,"column":22}},"63":{"start":{"line":64,"column":0},"end":{"line":64,"column":26}},"64":{"start":{"line":65,"column":0},"end":{"line":65,"column":21}},"65":{"start":{"line":66,"column":0},"end":{"line":66,"column":23}},"66":{"start":{"line":67,"column":0},"end":{"line":67,"column":25}},"67":{"start":{"line":68,"column":0},"end":{"line":68,"column":26}},"68":{"start":{"line":69,"column":0},"end":{"line":69,"column":14}},"69":{"start":{"line":70,"column":0},"end":{"line":70,"column":5}},"71":{"start":{"line":72,"column":0},"end":{"line":72,"column":61}},"73":{"start":{"line":74,"column":0},"end":{"line":74,"column":49}},"74":{"start":{"line":75,"column":0},"end":{"line":75,"column":39}},"75":{"start":{"line":76,"column":0},"end":{"line":76,"column":6}},"76":{"start":{"line":77,"column":0},"end":{"line":77,"column":4}},"77":{"start":{"line":78,"column":0},"end":{"line":78,"column":1}},"82":{"start":{"line":83,"column":0},"end":{"line":83,"column":85}},"84":{"start":{"line":85,"column":0},"end":{"line":85,"column":36}},"85":{"start":{"line":86,"column":0},"end":{"line":86,"column":23}},"86":{"start":{"line":87,"column":0},"end":{"line":87,"column":62}},"87":{"start":{"line":88,"column":0},"end":{"line":88,"column":3}},"90":{"start":{"line":91,"column":0},"end":{"line":91,"column":23}},"91":{"start":{"line":92,"column":0},"end":{"line":92,"column":86}},"93":{"start":{"line":94,"column":0},"end":{"line":94,"column":54}},"94":{"start":{"line":95,"column":0},"end":{"line":95,"column":3}},"96":{"start":{"line":97,"column":0},"end":{"line":97,"column":25}},"97":{"start":{"line":98,"column":0},"end":{"line":98,"column":1}},"102":{"start":{"line":103,"column":0},"end":{"line":103,"column":43}},"103":{"start":{"line":104,"column":0},"end":{"line":104,"column":35}},"104":{"start":{"line":105,"column":0},"end":{"line":105,"column":34}},"105":{"start":{"line":106,"column":0},"end":{"line":106,"column":4}},"106":{"start":{"line":107,"column":0},"end":{"line":107,"column":1}},"116":{"start":{"line":117,"column":0},"end":{"line":117,"column":35}},"117":{"start":{"line":118,"column":0},"end":{"line":118,"column":23}},"118":{"start":{"line":119,"column":0},"end":{"line":119,"column":29}},"119":{"start":{"line":120,"column":0},"end":{"line":120,"column":15}},"121":{"start":{"line":122,"column":0},"end":{"line":122,"column":24}},"122":{"start":{"line":123,"column":0},"end":{"line":123,"column":27}},"123":{"start":{"line":124,"column":0},"end":{"line":124,"column":15}},"124":{"start":{"line":125,"column":0},"end":{"line":125,"column":79}},"125":{"start":{"line":126,"column":0},"end":{"line":126,"column":82}},"126":{"start":{"line":127,"column":0},"end":{"line":127,"column":88}},"127":{"start":{"line":128,"column":0},"end":{"line":128,"column":92}},"128":{"start":{"line":129,"column":0},"end":{"line":129,"column":70}},"129":{"start":{"line":130,"column":0},"end":{"line":130,"column":70}},"130":{"start":{"line":131,"column":0},"end":{"line":131,"column":61}},"131":{"start":{"line":132,"column":0},"end":{"line":132,"column":85}},"132":{"start":{"line":133,"column":0},"end":{"line":133,"column":3}},"134":{"start":{"line":135,"column":0},"end":{"line":135,"column":20}},"135":{"start":{"line":136,"column":0},"end":{"line":136,"column":17}},"137":{"start":{"line":138,"column":0},"end":{"line":138,"column":46}},"138":{"start":{"line":139,"column":0},"end":{"line":139,"column":9}},"140":{"start":{"line":141,"column":0},"end":{"line":141,"column":23}},"141":{"start":{"line":142,"column":0},"end":{"line":142,"column":5}},"142":{"start":{"line":143,"column":0},"end":{"line":143,"column":19}},"143":{"start":{"line":144,"column":0},"end":{"line":144,"column":23}},"144":{"start":{"line":145,"column":0},"end":{"line":145,"column":15}},"147":{"start":{"line":148,"column":0},"end":{"line":148,"column":46}},"148":{"start":{"line":149,"column":0},"end":{"line":149,"column":35}},"149":{"start":{"line":150,"column":0},"end":{"line":150,"column":94}},"150":{"start":{"line":151,"column":0},"end":{"line":151,"column":51}},"151":{"start":{"line":152,"column":0},"end":{"line":152,"column":12}},"152":{"start":{"line":153,"column":0},"end":{"line":153,"column":9}},"153":{"start":{"line":154,"column":0},"end":{"line":154,"column":19}},"154":{"start":{"line":155,"column":0},"end":{"line":155,"column":7}},"157":{"start":{"line":158,"column":0},"end":{"line":158,"column":49}},"158":{"start":{"line":159,"column":0},"end":{"line":159,"column":35}},"159":{"start":{"line":160,"column":0},"end":{"line":160,"column":73}},"160":{"start":{"line":161,"column":0},"end":{"line":161,"column":51}},"161":{"start":{"line":162,"column":0},"end":{"line":162,"column":12}},"162":{"start":{"line":163,"column":0},"end":{"line":163,"column":9}},"163":{"start":{"line":164,"column":0},"end":{"line":164,"column":19}},"164":{"start":{"line":165,"column":0},"end":{"line":165,"column":7}},"167":{"start":{"line":168,"column":0},"end":{"line":168,"column":65}},"170":{"start":{"line":171,"column":0},"end":{"line":171,"column":33}},"171":{"start":{"line":172,"column":0},"end":{"line":172,"column":95}},"172":{"start":{"line":173,"column":0},"end":{"line":173,"column":49}},"173":{"start":{"line":174,"column":0},"end":{"line":174,"column":10}},"174":{"start":{"line":175,"column":0},"end":{"line":175,"column":7}},"177":{"start":{"line":178,"column":0},"end":{"line":178,"column":57}},"180":{"start":{"line":181,"column":0},"end":{"line":181,"column":26}},"181":{"start":{"line":182,"column":0},"end":{"line":182,"column":5}},"182":{"start":{"line":183,"column":0},"end":{"line":183,"column":3}},"186":{"start":{"line":187,"column":0},"end":{"line":187,"column":17}},"187":{"start":{"line":188,"column":0},"end":{"line":188,"column":1}},"196":{"start":{"line":197,"column":0},"end":{"line":197,"column":74}},"197":{"start":{"line":198,"column":0},"end":{"line":198,"column":8}},"198":{"start":{"line":199,"column":0},"end":{"line":199,"column":29}},"199":{"start":{"line":200,"column":0},"end":{"line":200,"column":46}},"200":{"start":{"line":201,"column":0},"end":{"line":201,"column":53}},"201":{"start":{"line":202,"column":0},"end":{"line":202,"column":28}},"202":{"start":{"line":203,"column":0},"end":{"line":203,"column":24}},"203":{"start":{"line":204,"column":0},"end":{"line":204,"column":32}},"204":{"start":{"line":205,"column":0},"end":{"line":205,"column":3}},"205":{"start":{"line":206,"column":0},"end":{"line":206,"column":1}},"221":{"start":{"line":222,"column":0},"end":{"line":222,"column":51}},"222":{"start":{"line":223,"column":0},"end":{"line":223,"column":19}},"223":{"start":{"line":224,"column":0},"end":{"line":224,"column":16}},"224":{"start":{"line":225,"column":0},"end":{"line":225,"column":24}},"225":{"start":{"line":226,"column":0},"end":{"line":226,"column":35}},"226":{"start":{"line":227,"column":0},"end":{"line":227,"column":5}},"227":{"start":{"line":228,"column":0},"end":{"line":228,"column":43}},"229":{"start":{"line":230,"column":0},"end":{"line":230,"column":50}},"230":{"start":{"line":231,"column":0},"end":{"line":231,"column":30}},"231":{"start":{"line":232,"column":0},"end":{"line":232,"column":47}},"232":{"start":{"line":233,"column":0},"end":{"line":233,"column":17}},"233":{"start":{"line":234,"column":0},"end":{"line":234,"column":5}},"235":{"start":{"line":236,"column":0},"end":{"line":236,"column":21}},"236":{"start":{"line":237,"column":0},"end":{"line":237,"column":3}},"237":{"start":{"line":238,"column":0},"end":{"line":238,"column":1}}},"s":{"8":1,"10":1,"31":1,"32":1,"33":1,"34":1,"35":1,"36":1,"37":1,"38":1,"39":4,"41":4,"42":1,"44":0,"45":0,"46":0,"48":0,"49":0,"51":0,"52":0,"55":0,"56":0,"57":0,"58":0,"59":0,"60":0,"61":0,"62":0,"63":0,"64":0,"65":0,"66":0,"67":0,"68":0,"69":0,"71":0,"73":0,"74":0,"75":0,"76":0,"77":1,"82":5,"84":5,"85":5,"86":5,"87":5,"90":5,"91":3,"93":3,"94":3,"96":2,"97":2,"102":5,"103":5,"104":5,"105":5,"106":5,"116":5,"117":5,"118":5,"119":5,"121":5,"122":5,"123":5,"124":5,"125":5,"126":5,"127":5,"128":5,"129":5,"130":5,"131":5,"132":5,"134":5,"135":5,"137":5,"138":10,"140":10,"141":10,"142":5,"143":5,"144":5,"147":5,"148":0,"149":0,"150":0,"151":0,"152":0,"153":0,"154":0,"157":5,"158":0,"159":0,"160":0,"161":0,"162":0,"163":0,"164":0,"167":5,"170":5,"171":0,"172":0,"173":0,"174":0,"177":5,"180":5,"181":5,"182":10,"186":0,"187":0,"196":1,"197":1,"198":1,"199":1,"200":1,"201":1,"202":1,"203":1,"204":1,"205":1,"221":1,"222":0,"223":0,"224":0,"225":0,"226":0,"227":0,"229":0,"230":0,"231":0,"232":0,"233":0,"235":0,"236":0,"237":0},"branchMap":{"0":{"type":"branch","line":39,"loc":{"start":{"line":39,"column":11},"end":{"line":42,"column":4}},"locations":[{"start":{"line":39,"column":11},"end":{"line":42,"column":4}}]},"1":{"type":"branch","line":83,"loc":{"start":{"line":83,"column":0},"end":{"line":98,"column":1}},"locations":[{"start":{"line":83,"column":0},"end":{"line":98,"column":1}}]},"2":{"type":"branch","line":91,"loc":{"start":{"line":91,"column":22},"end":{"line":95,"column":3}},"locations":[{"start":{"line":91,"column":22},"end":{"line":95,"column":3}}]},"3":{"type":"branch","line":95,"loc":{"start":{"line":95,"column":2},"end":{"line":98,"column":1}},"locations":[{"start":{"line":95,"column":2},"end":{"line":98,"column":1}}]},"4":{"type":"branch","line":103,"loc":{"start":{"line":103,"column":0},"end":{"line":107,"column":1}},"locations":[{"start":{"line":103,"column":0},"end":{"line":107,"column":1}}]},"5":{"type":"branch","line":104,"loc":{"start":{"line":104,"column":21},"end":{"line":106,"column":3}},"locations":[{"start":{"line":104,"column":21},"end":{"line":106,"column":3}}]},"6":{"type":"branch","line":117,"loc":{"start":{"line":117,"column":0},"end":{"line":188,"column":1}},"locations":[{"start":{"line":117,"column":0},"end":{"line":188,"column":1}}]},"7":{"type":"branch","line":125,"loc":{"start":{"line":125,"column":27},"end":{"line":125,"column":79}},"locations":[{"start":{"line":125,"column":27},"end":{"line":125,"column":79}}]},"8":{"type":"branch","line":126,"loc":{"start":{"line":126,"column":28},"end":{"line":126,"column":82}},"locations":[{"start":{"line":126,"column":28},"end":{"line":126,"column":82}}]},"9":{"type":"branch","line":127,"loc":{"start":{"line":127,"column":31},"end":{"line":127,"column":60}},"locations":[{"start":{"line":127,"column":31},"end":{"line":127,"column":60}}]},"10":{"type":"branch","line":127,"loc":{"start":{"line":127,"column":51},"end":{"line":127,"column":88}},"locations":[{"start":{"line":127,"column":51},"end":{"line":127,"column":88}}]},"11":{"type":"branch","line":128,"loc":{"start":{"line":128,"column":33},"end":{"line":128,"column":63}},"locations":[{"start":{"line":128,"column":33},"end":{"line":128,"column":63}}]},"12":{"type":"branch","line":128,"loc":{"start":{"line":128,"column":53},"end":{"line":128,"column":92}},"locations":[{"start":{"line":128,"column":53},"end":{"line":128,"column":92}}]},"13":{"type":"branch","line":130,"loc":{"start":{"line":130,"column":24},"end":{"line":130,"column":70}},"locations":[{"start":{"line":130,"column":24},"end":{"line":130,"column":70}}]},"14":{"type":"branch","line":131,"loc":{"start":{"line":131,"column":21},"end":{"line":131,"column":61}},"locations":[{"start":{"line":131,"column":21},"end":{"line":131,"column":61}}]},"15":{"type":"branch","line":132,"loc":{"start":{"line":132,"column":29},"end":{"line":132,"column":85}},"locations":[{"start":{"line":132,"column":29},"end":{"line":132,"column":85}}]},"16":{"type":"branch","line":138,"loc":{"start":{"line":138,"column":45},"end":{"line":183,"column":3}},"locations":[{"start":{"line":138,"column":45},"end":{"line":183,"column":3}}]},"17":{"type":"branch","line":142,"loc":{"start":{"line":142,"column":4},"end":{"line":182,"column":5}},"locations":[{"start":{"line":142,"column":4},"end":{"line":182,"column":5}}]},"18":{"type":"branch","line":148,"loc":{"start":{"line":148,"column":45},"end":{"line":155,"column":7}},"locations":[{"start":{"line":148,"column":45},"end":{"line":155,"column":7}}]},"19":{"type":"branch","line":158,"loc":{"start":{"line":158,"column":48},"end":{"line":165,"column":7}},"locations":[{"start":{"line":158,"column":48},"end":{"line":165,"column":7}}]},"20":{"type":"branch","line":171,"loc":{"start":{"line":171,"column":32},"end":{"line":175,"column":7}},"locations":[{"start":{"line":171,"column":32},"end":{"line":175,"column":7}}]},"21":{"type":"branch","line":183,"loc":{"start":{"line":183,"column":2},"end":{"line":188,"column":1}},"locations":[{"start":{"line":183,"column":2},"end":{"line":188,"column":1}}]},"22":{"type":"branch","line":197,"loc":{"start":{"line":197,"column":7},"end":{"line":206,"column":1}},"locations":[{"start":{"line":197,"column":7},"end":{"line":206,"column":1}}]},"23":{"type":"branch","line":201,"loc":{"start":{"line":201,"column":9},"end":{"line":205,"column":3}},"locations":[{"start":{"line":201,"column":9},"end":{"line":205,"column":3}}]},"24":{"type":"branch","line":202,"loc":{"start":{"line":202,"column":21},"end":{"line":204,"column":7}},"locations":[{"start":{"line":202,"column":21},"end":{"line":204,"column":7}}]}},"b":{"0":[4],"1":[5],"2":[3],"3":[2],"4":[5],"5":[5],"6":[5],"7":[4],"8":[2],"9":[1],"10":[4],"11":[4],"12":[1],"13":[2],"14":[4],"15":[2],"16":[10],"17":[5],"18":[0],"19":[0],"20":[0],"21":[0],"22":[1],"23":[1],"24":[1]},"fnMap":{"0":{"name":"onRetry","decl":{"start":{"line":39,"column":11},"end":{"line":42,"column":4}},"loc":{"start":{"line":39,"column":11},"end":{"line":42,"column":4}},"line":39},"1":{"name":"retryableErrors","decl":{"start":{"line":43,"column":19},"end":{"line":77,"column":4}},"loc":{"start":{"line":43,"column":19},"end":{"line":77,"column":4}},"line":43},"2":{"name":"calculateBackoff","decl":{"start":{"line":83,"column":0},"end":{"line":98,"column":1}},"loc":{"start":{"line":83,"column":0},"end":{"line":98,"column":1}},"line":83},"3":{"name":"delay","decl":{"start":{"line":103,"column":0},"end":{"line":107,"column":1}},"loc":{"start":{"line":103,"column":0},"end":{"line":107,"column":1}},"line":103},"4":{"name":"withRetry","decl":{"start":{"line":117,"column":0},"end":{"line":188,"column":1}},"loc":{"start":{"line":117,"column":0},"end":{"line":188,"column":1}},"line":117},"5":{"name":"makeRetryable","decl":{"start":{"line":197,"column":7},"end":{"line":206,"column":1}},"loc":{"start":{"line":197,"column":7},"end":{"line":206,"column":1}},"line":197},"6":{"name":"retry","decl":{"start":{"line":222,"column":7},"end":{"line":238,"column":1}},"loc":{"start":{"line":222,"column":7},"end":{"line":238,"column":1}},"line":222}},"f":{"0":4,"1":0,"2":5,"3":5,"4":5,"5":1,"6":0}}
}
